
Subkey  0
Subkey  1
Subkey  2
Subkey  3
Subkey  4
Subkey  5
Subkey  6
Subkey  7
Subkey  8
Subkey  9
Subkey 10
Subkey 11
Subkey 12
Subkey 13
Subkey 14
Subkey 15
Best Key Guess:   ef   3a   38   6d   05   6d   c5   c2   60   48   13   ac   1e   c2   c7   3c  
Known Key:        ef   3a   38   6d   05   6f   c5   c2   61   48   13   af   1f   c0   c4   3e  
PGE:             000  000  000  000  000  001  000  000  001  000  000  001  001  002  001  003  
HD:              000  000  000  000  000  001  000  000  001  000  000  002  001  001  002  001  
SUCCESS:           1    1    1    1    1    0    1    1    0    1    1    0    0    0    0    0  
NUMBER OF CORRECT BYTES: 9
HD SUM:                  9
results rank estimation
nb_bins = 512
merge = 2
Starting preprocessing
Clearing memory
min: 2^0
actual rounded: 2^19.91064273
max: 2^30.27555925
time enum: 0.158923 seconds



Starting key ranking using HEL
