
Subkey  0
Subkey  1
Subkey  2
Subkey  3
Subkey  4
Subkey  5
Subkey  6
Subkey  7
Subkey  8
Subkey  9
Subkey 10
Subkey 11
Subkey 12
Subkey 13
Subkey 14
Subkey 15
Best Key Guess:   ed   38   3b   6f   07   6f   c4   c0   63   4a   13   ad   1d   c1   c7   3d  
Known Key:        ef   3a   38   6d   05   6f   c5   c2   61   48   13   af   1f   c0   c4   3e  
PGE:             003  002  001  003  002  000  002  003  002  003  000  001  001  002  001  003  
HD:              001  001  002  001  001  000  001  001  001  001  000  001  001  001  002  002  
SUCCESS:           0    0    0    0    0    1    0    0    0    0    1    0    0    0    0    0  
NUMBER OF CORRECT BYTES: 2
HD SUM:                  17
results rank estimation
nb_bins = 512
merge = 2
Starting preprocessing
Clearing memory
min: 2^30.26341567
actual rounded: 2^31.8121892
max: 2^32.16329919
time enum: 0.147755 seconds



Starting key ranking using HEL
