
Subkey  0
Subkey  1
Subkey  2
Subkey  3
Subkey  4
Subkey  5
Subkey  6
Subkey  7
Subkey  8
Subkey  9
Subkey 10
Subkey 11
Subkey 12
Subkey 13
Subkey 14
Subkey 15
Best Key Guess:   ee   3b   39   6d   05   6f   c4   c3   63   48   11   ad   1d   c2   c4   3d  
Known Key:        ef   3a   38   6d   05   6f   c5   c2   61   48   13   af   1f   c0   c4   3e  
PGE:             002  002  002  000  000  000  003  002  003  000  002  001  001  002  000  003  
HD:              001  001  001  000  000  000  001  001  001  000  001  001  001  001  000  002  
SUCCESS:           0    0    0    1    1    1    0    0    0    1    0    0    0    0    1    0  
NUMBER OF CORRECT BYTES: 5
HD SUM:                  12
results rank estimation
nb_bins = 512
merge = 2
Starting preprocessing
Clearing memory
min: 2^24.36260096
actual rounded: 2^31.25368373
max: 2^31.9890905
time enum: 0.164579 seconds



Starting key ranking using HEL
