
Subkey  0
Subkey  1
Subkey  2
Subkey  3
Subkey  4
Subkey  5
Subkey  6
Subkey  7
Subkey  8
Subkey  9
Subkey 10
Subkey 11
Subkey 12
Subkey 13
Subkey 14
Subkey 15
Best Key Guess:   ef   3b   38   6d   04   6f   c7   c0   61   48   10   af   1e   c2   c6   3e  
Known Key:        ef   3a   38   6d   05   6f   c5   c2   61   48   13   af   1f   c0   c4   3e  
PGE:             000  001  000  000  001  000  001  002  000  000  003  000  003  003  002  000  
HD:              000  001  000  000  001  000  001  001  000  000  002  000  001  001  001  000  
SUCCESS:           1    0    1    1    0    1    0    0    1    1    0    1    0    0    0    1  
NUMBER OF CORRECT BYTES: 8
HD SUM:                  9
results rank estimation
nb_bins = 512
merge = 2
Starting preprocessing
Clearing memory
min: 2^20.69427286
actual rounded: 2^27.88261406
max: 2^30.66947151
time enum: 0.145612 seconds



Starting key ranking using HEL
