
Subkey  0
Subkey  1
Subkey  2
Subkey  3
Subkey  4
Subkey  5
Subkey  6
Subkey  7
Subkey  8
Subkey  9
Subkey 10
Subkey 11
Subkey 12
Subkey 13
Subkey 14
Subkey 15
Best Key Guess:   ee   38   39   6e   05   6f   c4   c0   63   4a   11   ad   1c   c1   c4   3d  
Known Key:        ef   3a   38   6d   05   6f   c5   c2   61   48   13   af   1f   c0   c4   3e  
PGE:             003  002  003  002  000  000  002  002  002  002  002  001  002  002  000  003  
HD:              001  001  001  002  000  000  001  001  001  001  001  001  002  001  000  002  
SUCCESS:           0    0    0    0    1    1    0    0    0    0    0    0    0    0    1    0  
NUMBER OF CORRECT BYTES: 3
HD SUM:                  16
results rank estimation
nb_bins = 512
merge = 2
Starting preprocessing
Clearing memory
min: 2^28.12264721
actual rounded: 2^31.7001398
max: 2^31.99707187
time enum: 0.151222 seconds



Starting key ranking using HEL
