
Subkey  0
Subkey  1
Subkey  2
Subkey  3
Subkey  4
Subkey  5
Subkey  6
Subkey  7
Subkey  8
Subkey  9
Subkey 10
Subkey 11
Subkey 12
Subkey 13
Subkey 14
Subkey 15
Best Key Guess:   ee   3b   39   6e   07   6f   c7   c0   63   48   11   ad   1d   c2   c4   3c  
Known Key:        ef   3a   38   6d   05   6f   c5   c2   61   48   13   af   1f   c0   c4   3e  
PGE:             002  003  001  001  001  000  003  002  001  000  001  001  002  001  000  003  
HD:              001  001  001  002  001  000  001  001  001  000  001  001  001  001  000  001  
SUCCESS:           0    0    0    0    0    1    0    0    0    1    0    0    0    0    1    0  
NUMBER OF CORRECT BYTES: 3
HD SUM:                  14
results rank estimation
nb_bins = 512
merge = 2
Starting preprocessing
Clearing memory
min: 2^19.05409552
actual rounded: 2^31.2974739
max: 2^31.99958073
time enum: 0.154676 seconds



Starting key ranking using HEL
