
Subkey  0
Subkey  1
Subkey  2
Subkey  3
Subkey  4
Subkey  5
Subkey  6
Subkey  7
Subkey  8
Subkey  9
Subkey 10
Subkey 11
Subkey 12
Subkey 13
Subkey 14
Subkey 15
Best Key Guess:   ee   3b   3a   6f   07   6c   c7   c3   62   4a   11   ad   1f   c2   c4   3c  
Known Key:        ef   3a   38   6d   05   6f   c5   c2   61   48   13   af   1f   c0   c4   3e  
PGE:             003  002  002  002  003  001  003  002  001  001  001  003  000  001  000  003  
HD:              001  001  001  001  001  002  001  001  002  001  001  001  000  001  000  001  
SUCCESS:           0    0    0    0    0    0    0    0    0    0    0    0    1    0    1    0  
NUMBER OF CORRECT BYTES: 2
HD SUM:                  16
results rank estimation
nb_bins = 512
merge = 2
Starting preprocessing
Clearing memory
min: 2^27.91750138
actual rounded: 2^31.74947795
max: 2^31.99976021
time enum: 0.147231 seconds



Starting key ranking using HEL
