
Subkey  0
Subkey  1
Subkey  2
Subkey  3
Subkey  4
Subkey  5
Subkey  6
Subkey  7
Subkey  8
Subkey  9
Subkey 10
Subkey 11
Subkey 12
Subkey 13
Subkey 14
Subkey 15
Best Key Guess:   ef   38   38   6f   05   6f   c5   c2   60   4b   12   ac   1e   c3   c4   3c  
Known Key:        ef   3a   38   6d   05   6f   c5   c2   61   48   13   af   1f   c0   c4   3e  
PGE:             000  002  000  001  000  000  000  000  001  001  001  001  001  003  000  002  
HD:              000  001  000  001  000  000  000  000  001  002  001  002  001  002  000  001  
SUCCESS:           1    0    1    0    1    1    1    1    0    0    0    0    0    0    1    0  
NUMBER OF CORRECT BYTES: 7
HD SUM:                  12
results rank estimation
nb_bins = 512
merge = 2
Starting preprocessing
Clearing memory
min: 2^0
actual rounded: 2^26.3515642
max: 2^31.26317636
time enum: 0.148381 seconds



Starting key ranking using HEL
