INFO: Number of empty traces: 0

Subkey  0
Subkey  1
Subkey  2
Subkey  3
Subkey  4
Subkey  5
Subkey  6
Subkey  7
Subkey  8
Subkey  9
Subkey 10
Subkey 11
Subkey 12
Subkey 13
Subkey 14
Subkey 15
Best Key Guess:   23   a7   73   58   ef   97   ad   b2   49   ae   d5   98   8a   a2   96   d2  
Known Key:        21   a1   74   59   ea   9f   ae   ba   4f   ab   d0   97   85   a2   97   d4  
PGE:             013  001  001  013  002  006  004  001  014  006  008  001  014  000  001  002  
HD:              001  002  003  001  002  001  002  001  002  002  002  004  004  000  001  002  
SUCCESS:           0    0    0    0    0    0    0    0    0    0    0    0    0    1    0    0  
NUMBER OF CORRECT BYTES: 1
HD SUM:                  30
results rank estimation
nb_bins = 512
merge = 2
Starting preprocessing
Clearing memory
min: 2^57.84724146
actual rounded: 2^59.91045665
max: 2^61.20347539
time enum: 0.139796 seconds



Starting key ranking using HEL
