INFO: Number of empty traces: 0

Subkey  0
Subkey  1
Subkey  2
Subkey  3
Subkey  4
Subkey  5
Subkey  6
Subkey  7
Subkey  8
Subkey  9
Subkey 10
Subkey 11
Subkey 12
Subkey 13
Subkey 14
Subkey 15
Best Key Guess:   2e   a0   79   53   e2   98   af   b4   4f   ae   d3   91   8f   a7   6c   d1  
Known Key:        21   a1   74   59   ea   9f   ae   ba   4f   ab   d0   97   85   a2   97   d4  
PGE:             012  014  004  013  014  002  008  013  000  007  018  015  014  006  005  012  
HD:              004  001  003  002  001  003  001  003  000  002  002  002  002  002  007  002  
SUCCESS:           0    0    0    0    0    0    0    0    1    0    0    0    0    0    0    0  
NUMBER OF CORRECT BYTES: 1
HD SUM:                  37
results rank estimation
nb_bins = 512
merge = 2
Starting preprocessing
Clearing memory
min: 2^76.17908632
actual rounded: 2^76.68455996
max: 2^77.08378836
time enum: 0.160469 seconds



Starting key ranking using HEL
