INFO: Number of empty traces: 0

Subkey  0
Subkey  1
Subkey  2
Subkey  3
Subkey  4
Subkey  5
Subkey  6
Subkey  7
Subkey  8
Subkey  9
Subkey 10
Subkey 11
Subkey 12
Subkey 13
Subkey 14
Subkey 15
Best Key Guess:   29   a3   75   5b   e2   9f   af   ba   49   aa   d2   94   81   a3   9a   d1  
Known Key:        21   a1   74   59   ea   9f   ae   ba   4f   ab   d0   97   85   a2   97   d4  
PGE:             002  001  001  002  015  000  007  000  009  003  004  002  005  003  003  012  
HD:              001  001  001  001  001  000  001  000  002  001  001  002  001  001  003  002  
SUCCESS:           0    0    0    0    0    1    0    1    0    0    0    0    0    0    0    0  
NUMBER OF CORRECT BYTES: 2
HD SUM:                  19
results rank estimation
nb_bins = 512
merge = 2
Starting preprocessing
Clearing memory
min: 2^47.19846884
actual rounded: 2^59.52893169
max: 2^63.22968619
time enum: 0.155302 seconds



Starting key ranking using HEL
