INFO: Number of empty traces: 0

Subkey  0
Subkey  1
Subkey  2
Subkey  3
Subkey  4
Subkey  5
Subkey  6
Subkey  7
Subkey  8
Subkey  9
Subkey 10
Subkey 11
Subkey 12
Subkey 13
Subkey 14
Subkey 15
Best Key Guess:   23   ac   73   50   ec   97   af   b4   45   a0   d2   98   89   a2   9d   df  
Known Key:        21   a1   74   59   ea   9f   ae   ba   4f   ab   d0   97   85   a2   97   d4  
PGE:             011  013  003  010  003  006  005  006  008  013  012  005  015  000  002  012  
HD:              001  003  003  002  002  001  001  003  002  003  001  004  002  000  002  003  
SUCCESS:           0    0    0    0    0    0    0    0    0    0    0    0    0    1    0    0  
NUMBER OF CORRECT BYTES: 1
HD SUM:                  33
results rank estimation
nb_bins = 512
merge = 2
Starting preprocessing
Clearing memory
min: 2^63.91482373
actual rounded: 2^64.6800988
max: 2^65.27343911
time enum: 0.146841 seconds



Starting key ranking using HEL
