INFO: Number of empty traces: 0

Subkey  0
Subkey  1
Subkey  2
Subkey  3
Subkey  4
Subkey  5
Subkey  6
Subkey  7
Subkey  8
Subkey  9
Subkey 10
Subkey 11
Subkey 12
Subkey 13
Subkey 14
Subkey 15
Best Key Guess:   2d   a0   75   51   e2   9f   aa   b8   49   aa   df   94   87   a3   95   dd  
Known Key:        21   a1   74   59   ea   9f   ae   ba   4f   ab   d0   97   85   a2   97   d4  
PGE:             008  003  001  010  006  000  008  002  004  006  007  001  008  007  010  007  
HD:              002  001  001  001  001  000  001  001  002  001  004  002  001  001  001  002  
SUCCESS:           0    0    0    0    0    1    0    0    0    0    0    0    0    0    0    0  
NUMBER OF CORRECT BYTES: 1
HD SUM:                  22
results rank estimation
nb_bins = 512
merge = 2
Starting preprocessing
Clearing memory
min: 2^57.90563408
actual rounded: 2^60.80896622
max: 2^62.33969554
time enum: 0.152804 seconds



Starting key ranking using HEL
