INFO: Number of empty traces: 0

Subkey  0
Subkey  1
Subkey  2
Subkey  3
Subkey  4
Subkey  5
Subkey  6
Subkey  7
Subkey  8
Subkey  9
Subkey 10
Subkey 11
Subkey 12
Subkey 13
Subkey 14
Subkey 15
Best Key Guess:   24   ac   76   53   ef   9e   af   b4   45   a9   d3   99   8d   a5   9d   da  
Known Key:        21   a1   74   59   ea   9f   ae   ba   4f   ab   d0   97   85   a2   97   d4  
PGE:             010  013  003  001  006  007  008  005  003  008  015  012  015  001  003  004  
HD:              002  003  001  002  002  001  001  003  002  001  002  003  001  003  002  003  
SUCCESS:           0    0    0    0    0    0    0    0    0    0    0    0    0    0    0    0  
NUMBER OF CORRECT BYTES: 0
HD SUM:                  32
results rank estimation
nb_bins = 512
merge = 2
Starting preprocessing
Clearing memory
min: 2^65.83489022
actual rounded: 2^66.56281172
max: 2^67.13175095
time enum: 0.151595 seconds



Starting key ranking using HEL
