INFO: Number of empty traces: 0

Subkey  0
Subkey  1
Subkey  2
Subkey  3
Subkey  4
Subkey  5
Subkey  6
Subkey  7
Subkey  8
Subkey  9
Subkey 10
Subkey 11
Subkey 12
Subkey 13
Subkey 14
Subkey 15
Best Key Guess:   29   a3   74   58   e2   9f   ab   b9   4d   aa   da   90   85   a3   95   da  
Known Key:        21   a1   74   59   ea   9f   ae   ba   4f   ab   d0   97   85   a2   97   d4  
PGE:             002  005  000  001  005  000  007  005  007  003  010  002  000  001  002  005  
HD:              001  001  000  001  001  000  002  002  001  001  002  003  000  001  001  003  
SUCCESS:           0    0    1    0    0    1    0    0    0    0    0    0    1    0    0    0  
NUMBER OF CORRECT BYTES: 3
HD SUM:                  20
results rank estimation
nb_bins = 512
merge = 2
Starting preprocessing
Clearing memory
min: 2^45.5921368
actual rounded: 2^56.58037664
max: 2^61.24452377
time enum: 0.137235 seconds



Starting key ranking using HEL
