INFO: Number of empty traces: 0

Subkey  0
Subkey  1
Subkey  2
Subkey  3
Subkey  4
Subkey  5
Subkey  6
Subkey  7
Subkey  8
Subkey  9
Subkey 10
Subkey 11
Subkey 12
Subkey 13
Subkey 14
Subkey 15
Best Key Guess:   2c   a6   75   5a   e2   92   af   b9   41   ae   d5   9c   8d   a2   9b   d0  
Known Key:        21   a1   74   59   ea   9f   ae   ba   4f   ab   d0   97   85   a2   97   d4  
PGE:             024  012  003  011  002  004  011  010  014  003  008  008  008  000  003  001  
HD:              003  003  001  002  001  003  001  002  003  002  002  003  001  000  002  001  
SUCCESS:           0    0    0    0    0    0    0    0    0    0    0    0    0    1    0    0  
NUMBER OF CORRECT BYTES: 1
HD SUM:                  30
results rank estimation
nb_bins = 512
merge = 2
Starting preprocessing
Clearing memory
min: 2^64.51534392
actual rounded: 2^65.50199918
max: 2^66.25538781
time enum: 0.145902 seconds



Starting key ranking using HEL
