INFO: Number of empty traces: 0

Subkey  0
Subkey  1
Subkey  2
Subkey  3
Subkey  4
Subkey  5
Subkey  6
Subkey  7
Subkey  8
Subkey  9
Subkey 10
Subkey 11
Subkey 12
Subkey 13
Subkey 14
Subkey 15
Best Key Guess:   ef   a5   76   53   ea   96   a8   b4   45   ac   d3   9d   8b   a1   67   d0  
Known Key:        21   a1   74   59   ea   9f   ae   ba   4f   ab   d0   97   85   a2   97   d4  
PGE:             026  015  005  017  000  008  008  034  007  012  037  025  015  003  005  011  
HD:              005  001  001  002  000  002  002  003  002  003  002  002  003  002  004  001  
SUCCESS:           0    0    0    0    1    0    0    0    0    0    0    0    0    0    0    0  
NUMBER OF CORRECT BYTES: 1
HD SUM:                  35
results rank estimation
nb_bins = 512
merge = 2
Starting preprocessing
Clearing memory
min: 2^84.99496178
actual rounded: 2^85.34057301
max: 2^85.61503162
time enum: 0.155359 seconds



Starting key ranking using HEL
