INFO: Number of empty traces: 0

Subkey  0
Subkey  1
Subkey  2
Subkey  3
Subkey  4
Subkey  5
Subkey  6
Subkey  7
Subkey  8
Subkey  9
Subkey 10
Subkey 11
Subkey 12
Subkey 13
Subkey 14
Subkey 15
Best Key Guess:   21   a0   75   5a   e9   93   a1   be   4c   aa   d2   9a   85   a2   90   d9  
Known Key:        21   a1   74   59   ea   9f   ae   ba   4f   ab   d0   97   85   a2   97   d4  
PGE:             000  001  001  003  010  008  008  001  007  002  013  009  000  000  015  007  
HD:              000  001  001  002  002  002  004  001  002  001  001  003  000  000  003  003  
SUCCESS:           1    0    0    0    0    0    0    0    0    0    0    0    1    1    0    0  
NUMBER OF CORRECT BYTES: 3
HD SUM:                  26
results rank estimation
nb_bins = 512
merge = 2
Starting preprocessing
Clearing memory
min: 2^56.58712216
actual rounded: 2^60.19557645
max: 2^62.03588398
time enum: 0.158867 seconds



Starting key ranking using HEL
