INFO: Number of empty traces: 0

Subkey  0
Subkey  1
Subkey  2
Subkey  3
Subkey  4
Subkey  5
Subkey  6
Subkey  7
Subkey  8
Subkey  9
Subkey 10
Subkey 11
Subkey 12
Subkey 13
Subkey 14
Subkey 15
Best Key Guess:   2c   aa   75   55   ea   92   af   b6   46   ae   dc   90   8a   a2   9b   d4  
Known Key:        21   a1   74   59   ea   9f   ae   ba   4f   ab   d0   97   85   a2   97   d4  
PGE:             005  002  005  008  000  013  012  003  011  003  010  001  014  000  002  000  
HD:              003  003  001  002  000  003  001  002  002  002  002  003  004  000  002  000  
SUCCESS:           0    0    0    0    1    0    0    0    0    0    0    0    0    1    0    1  
NUMBER OF CORRECT BYTES: 3
HD SUM:                  30
results rank estimation
nb_bins = 512
merge = 2
Starting preprocessing
Clearing memory
min: 2^55.28115227
actual rounded: 2^57.78297679
max: 2^59.42596007
time enum: 0.136525 seconds



Starting key ranking using HEL
