INFO: Number of empty traces: 0

Subkey  0
Subkey  1
Subkey  2
Subkey  3
Subkey  4
Subkey  5
Subkey  6
Subkey  7
Subkey  8
Subkey  9
Subkey 10
Subkey 11
Subkey 12
Subkey 13
Subkey 14
Subkey 15
Best Key Guess:   29   a0   75   51   e2   9f   a3   be   4c   a8   d2   94   84   a5   93   dd  
Known Key:        21   a1   74   59   ea   9f   ae   ba   4f   ab   d0   97   85   a2   97   d4  
PGE:             002  003  002  005  008  000  010  001  004  001  012  002  003  005  008  012  
HD:              001  001  001  001  001  000  003  001  002  002  001  002  001  003  001  002  
SUCCESS:           0    0    0    0    0    1    0    0    0    0    0    0    0    0    0    0  
NUMBER OF CORRECT BYTES: 1
HD SUM:                  23
results rank estimation
nb_bins = 512
merge = 2
Starting preprocessing
Clearing memory
min: 2^56.4401808
actual rounded: 2^60.4134669
max: 2^62.41962591
time enum: 0.259391 seconds



Starting key ranking using HEL
