INFO: Number of empty traces: 0

Subkey  0
Subkey  1
Subkey  2
Subkey  3
Subkey  4
Subkey  5
Subkey  6
Subkey  7
Subkey  8
Subkey  9
Subkey 10
Subkey 11
Subkey 12
Subkey 13
Subkey 14
Subkey 15
Best Key Guess:   2e   af   70   5e   e2   91   a6   aa   4f   ac   e5   98   8f   4b   6c   d0  
Known Key:        21   a1   74   59   ea   9f   ae   ba   4f   ab   d0   97   85   a2   97   d4  
PGE:             009  003  006  063  022  001  008  024  000  015  061  061  016  027  036  010  
HD:              004  003  001  003  001  003  001  001  000  003  004  004  002  005  007  001  
SUCCESS:           0    0    0    0    0    0    0    0    1    0    0    0    0    0    0    0  
NUMBER OF CORRECT BYTES: 1
HD SUM:                  43
results rank estimation
nb_bins = 512
merge = 2
Starting preprocessing
Clearing memory
min: 2^91.63780017
actual rounded: 2^91.95285135
max: 2^92.20318157
time enum: 0.178053 seconds



Starting key ranking using HEL
