INFO: Number of empty traces: 0

Subkey  0
Subkey  1
Subkey  2
Subkey  3
Subkey  4
Subkey  5
Subkey  6
Subkey  7
Subkey  8
Subkey  9
Subkey 10
Subkey 11
Subkey 12
Subkey 13
Subkey 14
Subkey 15
Best Key Guess:   25   a0   74   58   e9   9b   a1   be   4c   aa   d2   94   8e   a5   93   d9  
Known Key:        21   a1   74   59   ea   9f   ae   ba   4f   ab   d0   97   85   a2   97   d4  
PGE:             003  005  000  002  003  004  011  001  008  001  014  014  005  002  015  012  
HD:              001  001  000  001  002  001  004  001  002  001  001  002  003  003  001  003  
SUCCESS:           0    0    1    0    0    0    0    0    0    0    0    0    0    0    0    0  
NUMBER OF CORRECT BYTES: 1
HD SUM:                  27
results rank estimation
nb_bins = 512
merge = 2
Starting preprocessing
Clearing memory
min: 2^60.96903517
actual rounded: 2^62.33789407
max: 2^63.07407703
time enum: 0.156398 seconds



Starting key ranking using HEL
