INFO: Number of empty traces: 0

Subkey  0
Subkey  1
Subkey  2
Subkey  3
Subkey  4
Subkey  5
Subkey  6
Subkey  7
Subkey  8
Subkey  9
Subkey 10
Subkey 11
Subkey 12
Subkey 13
Subkey 14
Subkey 15
Best Key Guess:   21   a1   74   5b   e9   9e   af   ba   49   aa   d1   97   81   a3   96   d1  
Known Key:        21   a1   74   59   ea   9f   ae   ba   4f   ab   d0   97   85   a2   97   d4  
PGE:             000  000  000  001  013  001  001  000  008  001  002  000  002  001  001  009  
HD:              000  000  000  001  002  001  001  000  002  001  001  000  001  001  001  002  
SUCCESS:           1    1    1    0    0    0    0    1    0    0    0    1    0    0    0    0  
NUMBER OF CORRECT BYTES: 5
HD SUM:                  14
results rank estimation
nb_bins = 512
merge = 2
Starting preprocessing
Clearing memory
min: 2^0
actual rounded: 2^54.37526012
max: 2^61.99808079
time enum: 0.141545 seconds



Starting key ranking using HEL
