INFO: Number of empty traces: 0

Subkey  0
Subkey  1
Subkey  2
Subkey  3
Subkey  4
Subkey  5
Subkey  6
Subkey  7
Subkey  8
Subkey  9
Subkey 10
Subkey 11
Subkey 12
Subkey 13
Subkey 14
Subkey 15
Best Key Guess:   2c   ac   75   53   ea   92   af   b6   46   a3   d5   99   8d   a3   9b   d4  
Known Key:        21   a1   74   59   ea   9f   ae   ba   4f   ab   d0   97   85   a2   97   d4  
PGE:             007  005  005  005  000  008  013  004  009  006  007  002  012  001  001  000  
HD:              003  003  001  002  000  003  001  002  002  001  002  003  001  001  002  000  
SUCCESS:           0    0    0    0    1    0    0    0    0    0    0    0    0    0    0    1  
NUMBER OF CORRECT BYTES: 2
HD SUM:                  27
results rank estimation
nb_bins = 512
merge = 2
Starting preprocessing
Clearing memory
min: 2^53.59323802
actual rounded: 2^55.56742734
max: 2^56.96449326
time enum: 0.1469 seconds



Starting key ranking using HEL
