INFO: Number of empty traces: 0

Subkey  0
Subkey  1
Subkey  2
Subkey  3
Subkey  4
Subkey  5
Subkey  6
Subkey  7
Subkey  8
Subkey  9
Subkey 10
Subkey 11
Subkey 12
Subkey 13
Subkey 14
Subkey 15
Best Key Guess:   29   ab   74   53   e2   9f   a8   b9   4b   ab   da   94   83   aa   97   d1  
Known Key:        21   a1   74   59   ea   9f   ae   ba   4f   ab   d0   97   85   a2   97   d4  
PGE:             001  002  000  002  015  000  007  002  007  000  006  001  010  001  000  008  
HD:              001  002  000  002  001  000  002  002  001  000  002  002  002  001  000  002  
SUCCESS:           0    0    1    0    0    1    0    0    0    1    0    0    0    0    1    0  
NUMBER OF CORRECT BYTES: 4
HD SUM:                  20
results rank estimation
nb_bins = 512
merge = 2
Starting preprocessing
Clearing memory
min: 2^48.36304236
actual rounded: 2^58.250707
max: 2^62.20371385
time enum: 0.137329 seconds



Starting key ranking using HEL
