INFO: Number of empty traces: 0

Subkey  0
Subkey  1
Subkey  2
Subkey  3
Subkey  4
Subkey  5
Subkey  6
Subkey  7
Subkey  8
Subkey  9
Subkey 10
Subkey 11
Subkey 12
Subkey 13
Subkey 14
Subkey 15
Best Key Guess:   2c   a7   70   59   ef   92   a8   b2   49   ae   d5   98   8d   a2   9d   d0  
Known Key:        21   a1   74   59   ea   9f   ae   ba   4f   ab   d0   97   85   a2   97   d4  
PGE:             008  008  002  000  007  007  003  006  014  008  004  009  014  000  002  002  
HD:              003  002  001  000  002  003  002  001  002  002  002  004  001  000  002  001  
SUCCESS:           0    0    0    1    0    0    0    0    0    0    0    0    0    1    0    0  
NUMBER OF CORRECT BYTES: 2
HD SUM:                  28
results rank estimation
nb_bins = 512
merge = 2
Starting preprocessing
Clearing memory
min: 2^55.78857629
actual rounded: 2^57.49947582
max: 2^58.69319163
time enum: 0.138652 seconds



Starting key ranking using HEL
