
Subkey  0
Subkey  1
Subkey  2
Subkey  3
Subkey  4
Subkey  5
Subkey  6
Subkey  7
Subkey  8
Subkey  9
Subkey 10
Subkey 11
Subkey 12
Subkey 13
Subkey 14
Subkey 15
Best Key Guess:   ec   3a   38   6f   04   6c   c7   c3   60   4a   10   ad   1f   c0   c5   3d  
Known Key:        ef   3a   38   6d   05   6f   c5   c2   61   48   13   af   1f   c0   c4   3e  
PGE:             001  000  000  001  003  002  002  001  002  002  003  003  000  000  002  002  
HD:              002  000  000  001  001  002  001  001  001  001  002  001  000  000  001  002  
SUCCESS:           0    1    1    0    0    0    0    0    0    0    0    0    1    1    0    0  
NUMBER OF CORRECT BYTES: 4
HD SUM:                  16
results rank estimation
nb_bins = 512
merge = 2
Starting preprocessing
Clearing memory
min: 2^17.98049664
actual rounded: 2^29.26294116
max: 2^31.76826704
time enum: 0.14792 seconds



Starting key ranking using HEL
