
Subkey  0
Subkey  1
Subkey  2
Subkey  3
Subkey  4
Subkey  5
Subkey  6
Subkey  7
Subkey  8
Subkey  9
Subkey 10
Subkey 11
Subkey 12
Subkey 13
Subkey 14
Subkey 15
Best Key Guess:   ec   3a   3b   6e   05   6e   c6   c0   61   48   10   ac   1d   c0   c5   3e  
Known Key:        ef   3a   38   6d   05   6f   c5   c2   61   48   13   af   1f   c0   c4   3e  
PGE:             002  000  002  003  000  001  003  003  000  000  001  001  003  000  003  000  
HD:              002  000  002  002  000  001  002  001  000  000  002  002  001  000  001  000  
SUCCESS:           0    1    0    0    1    0    0    0    1    1    0    0    0    1    0    1  
NUMBER OF CORRECT BYTES: 6
HD SUM:                  16
results rank estimation
nb_bins = 512
merge = 2
Starting preprocessing
Clearing memory
min: 2^25.68034702
actual rounded: 2^29.72370661
max: 2^31.36384667
time enum: 0.148284 seconds



Starting key ranking using HEL
