
Subkey  0
Subkey  1
Subkey  2
Subkey  3
Subkey  4
Subkey  5
Subkey  6
Subkey  7
Subkey  8
Subkey  9
Subkey 10
Subkey 11
Subkey 12
Subkey 13
Subkey 14
Subkey 15
Best Key Guess:   ee   3a   38   6d   05   6d   c4   c3   61   4b   10   ac   1d   c0   c4   3d  
Known Key:        ef   3a   38   6d   05   6f   c5   c2   61   48   13   af   1f   c0   c4   3e  
PGE:             003  000  000  000  000  001  003  002  000  001  001  001  003  000  000  001  
HD:              001  000  000  000  000  001  001  001  000  002  002  002  001  000  000  002  
SUCCESS:           0    1    1    1    1    0    0    0    1    0    0    0    0    1    1    0  
NUMBER OF CORRECT BYTES: 7
HD SUM:                  13
results rank estimation
nb_bins = 512
merge = 2
Starting preprocessing
Clearing memory
min: 2^21.45920296
actual rounded: 2^25.59868326
max: 2^27.952706
time enum: 0.146673 seconds



Starting key ranking using HEL
