
Subkey  0
Subkey  1
Subkey  2
Subkey  3
Subkey  4
Subkey  5
Subkey  6
Subkey  7
Subkey  8
Subkey  9
Subkey 10
Subkey 11
Subkey 12
Subkey 13
Subkey 14
Subkey 15
Best Key Guess:   ec   38   3b   6e   07   6e   c5   c2   60   49   12   ae   1f   c3   c7   3c  
Known Key:        ef   3a   38   6d   05   6f   c5   c2   61   48   13   af   1f   c0   c4   3e  
PGE:             003  001  001  002  001  002  000  000  003  001  002  001  000  001  003  001  
HD:              002  001  002  002  001  001  000  000  001  001  001  001  000  002  002  001  
SUCCESS:           0    0    0    0    0    0    1    1    0    0    0    0    1    0    0    0  
NUMBER OF CORRECT BYTES: 3
HD SUM:                  18
results rank estimation
nb_bins = 512
merge = 2
Starting preprocessing
Clearing memory
min: 2^28.55822533
actual rounded: 2^31.29487555
max: 2^32.9288767
time enum: 0.146935 seconds



Starting key ranking using HEL
