
Subkey  0
Subkey  1
Subkey  2
Subkey  3
Subkey  4
Subkey  5
Subkey  6
Subkey  7
Subkey  8
Subkey  9
Subkey 10
Subkey 11
Subkey 12
Subkey 13
Subkey 14
Subkey 15
Best Key Guess:   ed   3a   3a   6c   05   6f   c6   c0   61   48   11   ac   1c   c2   c4   3e  
Known Key:        ef   3a   38   6d   05   6f   c5   c2   61   48   13   af   1f   c0   c4   3e  
PGE:             003  000  001  002  000  000  003  003  000  000  001  003  003  002  000  000  
HD:              001  000  001  001  000  000  002  001  000  000  001  002  002  001  000  000  
SUCCESS:           0    1    0    0    1    1    0    0    1    1    0    0    0    0    1    1  
NUMBER OF CORRECT BYTES: 7
HD SUM:                  12
results rank estimation
nb_bins = 512
merge = 2
Starting preprocessing
Clearing memory
min: 2^23.3090247
actual rounded: 2^26.85686648
max: 2^28.87125316
time enum: 0.145976 seconds



Starting key ranking using HEL
