
Subkey  0
Subkey  1
Subkey  2
Subkey  3
Subkey  4
Subkey  5
Subkey  6
Subkey  7
Subkey  8
Subkey  9
Subkey 10
Subkey 11
Subkey 12
Subkey 13
Subkey 14
Subkey 15
Best Key Guess:   09   25   19   09   a1   51   a6   e8   db   0c   a2   f3   f8   0a   00   ea  
Known Key:        2c   36   dd   69   6d   85   76   de   96   cd   3f   4f   89   76   94   6a  
PGE:             046  058  006  138  166  194  176  150  156  148  237  139  171  067  230  216  
HD:              003  003  003  002  004  004  003  004  004  003  005  005  004  005  003  001  
SUCCESS:           0    0    0    0    0    0    0    0    0    0    0    0    0    0    0    0  
NUMBER OF CORRECT BYTES: 0
HD SUM:                  56
results rank estimation
nb_bins = 512
merge = 2
Starting preprocessing
Clearing memory
min: 2^127.5173172
actual rounded: 2^127.5391473
max: 2^127.5560825
time enum: 0.209989 seconds



Starting key ranking using HEL
