
Subkey  0
Subkey  1
Subkey  2
Subkey  3
Subkey  4
Subkey  5
Subkey  6
Subkey  7
Subkey  8
Subkey  9
Subkey 10
Subkey 11
Subkey 12
Subkey 13
Subkey 14
Subkey 15
Best Key Guess:   00   a0   01   00   d0   69   e1   7a   db   be   72   b7   a8   00   00   ea  
Known Key:        2c   36   dd   69   6d   85   76   de   96   cd   3f   4f   89   76   94   6a  
PGE:             058  087  095  022  067  158  069  222  192  047  108  245  246  212  229  241  
HD:              003  004  005  004  006  005  005  003  004  005  004  005  002  005  003  001  
SUCCESS:           0    0    0    0    0    0    0    0    0    0    0    0    0    0    0    0  
NUMBER OF CORRECT BYTES: 0
HD SUM:                  64
results rank estimation
nb_bins = 512
merge = 2
Starting preprocessing
Clearing memory
min: 2^127.6523667
actual rounded: 2^127.6704545
max: 2^127.684406
time enum: 0.203585 seconds



Starting key ranking using HEL
