
Subkey  0
Subkey  1
Subkey  2
Subkey  3
Subkey  4
Subkey  5
Subkey  6
Subkey  7
Subkey  8
Subkey  9
Subkey 10
Subkey 11
Subkey 12
Subkey 13
Subkey 14
Subkey 15
Best Key Guess:   30   50   d5   6c   6b   85   72   d8   94   c9   3c   4d   8c   76   1f   6a  
Known Key:        2c   36   dd   69   6d   85   76   de   96   cd   3f   4f   89   76   94   6a  
PGE:             001  026  055  001  004  000  016  026  003  005  008  007  014  000  004  000  
HD:              003  004  001  002  002  000  001  002  001  001  002  001  002  000  004  000  
SUCCESS:           0    0    0    0    0    1    0    0    0    0    0    0    0    1    0    1  
NUMBER OF CORRECT BYTES: 3
HD SUM:                  26
results rank estimation
nb_bins = 512
merge = 2
Starting preprocessing
Clearing memory
min: 2^69.96139607
actual rounded: 2^70.36034432
max: 2^70.67757578
time enum: 0.207832 seconds



Starting key ranking using HEL
