
Subkey  0
Subkey  1
Subkey  2
Subkey  3
Subkey  4
Subkey  5
Subkey  6
Subkey  7
Subkey  8
Subkey  9
Subkey 10
Subkey 11
Subkey 12
Subkey 13
Subkey 14
Subkey 15
Best Key Guess:   37   b4   a4   6b   86   8b   6c   8c   69   33   38   4b   e0   74   94   6a  
Known Key:        2c   36   dd   69   6d   85   76   de   96   cd   3f   4f   89   76   94   6a  
PGE:             004  243  089  057  002  001  044  083  007  011  022  040  026  002  000  000  
HD:              004  002  005  001  006  003  003  003  008  007  003  001  004  001  000  000  
SUCCESS:           0    0    0    0    0    0    0    0    0    0    0    0    0    0    1    1  
NUMBER OF CORRECT BYTES: 2
HD SUM:                  51
results rank estimation
nb_bins = 512
merge = 2
Starting preprocessing
Clearing memory
min: 2^98.26701302
actual rounded: 2^98.54455521
max: 2^98.76535155
time enum: 0.208447 seconds



Starting key ranking using HEL
