
Subkey  0
Subkey  1
Subkey  2
Subkey  3
Subkey  4
Subkey  5
Subkey  6
Subkey  7
Subkey  8
Subkey  9
Subkey 10
Subkey 11
Subkey 12
Subkey 13
Subkey 14
Subkey 15
Best Key Guess:   30   29   c5   6c   5a   86   c6   8c   8f   b8   3a   6c   8a   70   04   60  
Known Key:        2c   36   dd   69   6d   85   76   de   96   cd   3f   4f   89   76   94   6a  
PGE:             006  103  125  005  183  002  116  137  003  069  016  050  025  001  104  171  
HD:              003  005  002  002  005  002  003  003  003  005  002  003  002  002  002  002  
SUCCESS:           0    0    0    0    0    0    0    0    0    0    0    0    0    0    0    0  
NUMBER OF CORRECT BYTES: 0
HD SUM:                  46
results rank estimation
nb_bins = 512
merge = 2
Starting preprocessing
Clearing memory
min: 2^105.946441
actual rounded: 2^106.1483452
max: 2^106.3090532
time enum: 0.204462 seconds



Starting key ranking using HEL
