
Subkey  0
Subkey  1
Subkey  2
Subkey  3
Subkey  4
Subkey  5
Subkey  6
Subkey  7
Subkey  8
Subkey  9
Subkey 10
Subkey 11
Subkey 12
Subkey 13
Subkey 14
Subkey 15
Best Key Guess:   2c   29   ce   6e   f0   80   36   13   8d   5a   3d   9c   c7   76   df   d6  
Known Key:        2c   36   dd   69   6d   85   76   de   96   cd   3f   4f   89   76   94   6a  
PGE:             000  042  178  081  069  001  100  073  001  053  027  030  015  000  092  160  
HD:              000  005  003  003  005  002  001  005  004  005  001  005  004  000  004  005  
SUCCESS:           1    0    0    0    0    0    0    0    0    0    0    0    0    1    0    0  
NUMBER OF CORRECT BYTES: 2
HD SUM:                  52
results rank estimation
nb_bins = 512
merge = 2
Starting preprocessing
Clearing memory
min: 2^106.6125872
actual rounded: 2^106.8230702
max: 2^106.9906092
time enum: 0.206224 seconds



Starting key ranking using HEL
