
Subkey  0
Subkey  1
Subkey  2
Subkey  3
Subkey  4
Subkey  5
Subkey  6
Subkey  7
Subkey  8
Subkey  9
Subkey 10
Subkey 11
Subkey 12
Subkey 13
Subkey 14
Subkey 15
Best Key Guess:   29   a8   ce   3d   64   85   5e   01   7d   5a   db   be   f9   70   1c   03  
Known Key:        2c   36   dd   69   6d   85   76   de   96   cd   3f   4f   89   76   94   6a  
PGE:             003  112  188  117  091  000  077  041  004  084  016  096  022  004  059  227  
HD:              002  005  003  003  002  000  002  007  006  005  004  005  003  002  002  004  
SUCCESS:           0    0    0    0    0    1    0    0    0    0    0    0    0    0    0    0  
NUMBER OF CORRECT BYTES: 1
HD SUM:                  55
results rank estimation
nb_bins = 512
merge = 2
Starting preprocessing
Clearing memory
min: 2^114.4484649
actual rounded: 2^114.6213472
max: 2^114.758755
time enum: 0.243468 seconds



Starting key ranking using HEL
