
Subkey  0
Subkey  1
Subkey  2
Subkey  3
Subkey  4
Subkey  5
Subkey  6
Subkey  7
Subkey  8
Subkey  9
Subkey 10
Subkey 11
Subkey 12
Subkey 13
Subkey 14
Subkey 15
Best Key Guess:   30   2f   7c   6e   6b   82   68   5a   f2   ca   3c   4b   24   70   8d   6a  
Known Key:        2c   36   dd   69   6d   85   76   de   96   cd   3f   4f   89   76   94   6a  
PGE:             002  146  076  006  002  001  029  051  010  006  013  023  007  001  001  000  
HD:              003  003  003  003  002  003  004  002  003  003  002  001  005  002  003  000  
SUCCESS:           0    0    0    0    0    0    0    0    0    0    0    0    0    0    0    1  
NUMBER OF CORRECT BYTES: 1
HD SUM:                  42
results rank estimation
nb_bins = 512
merge = 2
Starting preprocessing
Clearing memory
min: 2^85.67038419
actual rounded: 2^86.01913823
max: 2^86.29663539
time enum: 0.206826 seconds



Starting key ranking using HEL
