
Subkey  0
Subkey  1
Subkey  2
Subkey  3
Subkey  4
Subkey  5
Subkey  6
Subkey  7
Subkey  8
Subkey  9
Subkey 10
Subkey 11
Subkey 12
Subkey 13
Subkey 14
Subkey 15
Best Key Guess:   00   00   00   00   00   00   00   00   00   00   00   00   00   00   00   00  
Known Key:        2c   36   dd   69   6d   85   76   de   96   cd   3f   4f   89   76   94   6a  
PGE:             115  105  130  054  050  218  041  129  201  146  096  016  214  041  203  053  
HD:              003  004  006  004  005  003  005  006  004  005  006  005  003  005  003  004  
SUCCESS:           0    0    0    0    0    0    0    0    0    0    0    0    0    0    0    0  
NUMBER OF CORRECT BYTES: 0
HD SUM:                  71
results rank estimation
nb_bins = 512
merge = 2
Starting preprocessing
