
Subkey  0
Subkey  1
Subkey  2
Subkey  3
Subkey  4
Subkey  5
Subkey  6
Subkey  7
Subkey  8
Subkey  9
Subkey 10
Subkey 11
Subkey 12
Subkey 13
Subkey 14
Subkey 15
Best Key Guess:   59   4a   5d   77   0f   56   fb   ef   ce   0b   4f   c1   c7   c8   e3   09  
Known Key:        2b   1a   e4   67   51   05   fd   d1   ea   45   78   25   ad   f6   fc   fe  
PGE:             236  196  084  016  247  172  056  150  034  145  128  200  170  212  183  246  
HD:              004  002  005  001  005  004  002  005  002  004  005  004  004  005  005  007  
SUCCESS:           0    0    0    0    0    0    0    0    0    0    0    0    0    0    0    0  
NUMBER OF CORRECT BYTES: 0
HD SUM:                  64
results rank estimation
nb_bins = 512
merge = 2
Starting preprocessing
Clearing memory
min: 2^127.9255958
actual rounded: 2^127.9302994
max: 2^127.9338832
time enum: 0.139286 seconds



Starting key ranking using HEL
