
Subkey  0
Subkey  1
Subkey  2
Subkey  3
Subkey  4
Subkey  5
Subkey  6
Subkey  7
Subkey  8
Subkey  9
Subkey 10
Subkey 11
Subkey 12
Subkey 13
Subkey 14
Subkey 15
Best Key Guess:   2b   1a   e4   67   51   05   fd   d1   ea   45   7c   25   ad   f2   fc   fa  
Known Key:        2b   1a   e4   67   51   05   fd   d1   ea   45   78   25   ad   f6   fc   fe  
PGE:             000  000  000  000  000  000  000  000  000  000  002  000  000  001  000  002  
HD:              000  000  000  000  000  000  000  000  000  000  001  000  000  001  000  001  
SUCCESS:           1    1    1    1    1    1    1    1    1    1    0    1    1    0    1    0  
NUMBER OF CORRECT BYTES: 13
HD SUM:                  3
results rank estimation
nb_bins = 512
merge = 2
Starting preprocessing
Clearing memory
min: 2^0
actual rounded: 2^9.005624549
max: 2^15.01022212
time enum: 0.139538 seconds



Starting key ranking using HEL
