INFO: Number of empty traces: 0
[2024-04-11 14:33:13,874] [924084] [MainThread] [attack] INFO  - Align attack traces with themselves...
Align: 100%|█████████████████████████████████████████████████████████████████████| 2000/2000 [00:00<00:00, 3231.59it/s]
[2024-04-11 14:33:14,500] [924084] [MainThread] [attack] INFO  - Align attack traces with the profile...
Align: 100%|█████████████████████████████████████████████████████████████████████| 2000/2000 [00:00<00:00, 3338.37it/s]

Subkey  0
Subkey  1
Subkey  2
Subkey  3
Subkey  4
Subkey  5
Subkey  6
Subkey  7
Subkey  8
Subkey  9
Subkey 10
Subkey 11
Subkey 12
Subkey 13
Subkey 14
Subkey 15
Best Key Guess:   bf   42   a4   43   4d   19   b2   4b   ca   2e   49   1e   c9   41   20   ea
Known Key:        bc   40   a6   40   4c   79   b0   55   cb   52   4b   1c   c0   43   22   eb
PGE:             002  007  002  005  002  004  002  009  011  011  003  004  004  001  001  001
HD:              002  001  001  002  001  002  001  004  001  005  001  001  002  001  001  001
SUCCESS:           0    0    0    0    0    0    0    0    0    0    0    0    0    0    0    0
NUMBER OF CORRECT BYTES: 0
HD SUM:                  27

Starting key ranking using HEL
results rank estimation
nb_bins = 512
merge = 2
Starting preprocessing
Clearing memory
min: 2^58.52901016
actual rounded: 2^59.58977482
max: 2^60.42446215
time enum: 0.138248 seconds















