
Subkey  0
Subkey  1
Subkey  2
Subkey  3
Subkey  4
Subkey  5
Subkey  6
Subkey  7
Subkey  8
Subkey  9
Subkey 10
Subkey 11
Subkey 12
Subkey 13
Subkey 14
Subkey 15
Best Key Guess:   d0   38   e6   ed   88   92   6d   44   ef   4c   dc   7e   27   24   9a   86  
Known Key:        2c   36   dd   69   6d   85   76   de   96   cd   3f   4f   89   76   94   6a  
PGE:             239  134  101  038  128  068  115  011  034  080  006  093  180  051  182  124  
HD:              006  003  005  002  005  004  004  004  005  002  005  003  005  003  003  005  
SUCCESS:           0    0    0    0    0    0    0    0    0    0    0    0    0    0    0    0  
NUMBER OF CORRECT BYTES: 0
HD SUM:                  64
results rank estimation
nb_bins = 512
merge = 2
Starting preprocessing
Clearing memory
min: 2^124.1864105
actual rounded: 2^124.275237
max: 2^124.3453799
time enum: 0.208019 seconds



Starting key ranking using HEL
