
Subkey  0
Subkey  1
Subkey  2
Subkey  3
Subkey  4
Subkey  5
Subkey  6
Subkey  7
Subkey  8
Subkey  9
Subkey 10
Subkey 11
Subkey 12
Subkey 13
Subkey 14
Subkey 15
Best Key Guess:   29   57   c4   6d   6f   86   74   26   8e   c8   32   4a   29   3f   95   d4  
Known Key:        2c   36   dd   69   6d   85   76   de   96   cd   3f   4f   89   76   94   6a  
PGE:             003  157  048  007  013  002  004  012  015  014  001  002  182  223  019  015  
HD:              002  003  003  001  001  002  001  005  002  002  003  002  002  003  001  006  
SUCCESS:           0    0    0    0    0    0    0    0    0    0    0    0    0    0    0    0  
NUMBER OF CORRECT BYTES: 0
HD SUM:                  39
results rank estimation
nb_bins = 512
merge = 2
Starting preprocessing
Clearing memory
min: 2^100.4259558
actual rounded: 2^100.6817942
max: 2^100.8853986
time enum: 0.208265 seconds



Starting key ranking using HEL
