
Subkey  0
Subkey  1
Subkey  2
Subkey  3
Subkey  4
Subkey  5
Subkey  6
Subkey  7
Subkey  8
Subkey  9
Subkey 10
Subkey 11
Subkey 12
Subkey 13
Subkey 14
Subkey 15
Best Key Guess:   7c   5a   89   4f   68   06   9c   e3   93   65   5b   7e   f5   34   f8   f9  
Known Key:        2c   36   dd   69   6d   85   76   de   96   cd   3f   4f   89   76   94   6a  
PGE:             053  115  110  011  028  164  016  026  065  225  003  235  171  084  141  112  
HD:              002  004  003  003  002  003  005  005  002  003  003  003  005  002  004  004  
SUCCESS:           0    0    0    0    0    0    0    0    0    0    0    0    0    0    0    0  
NUMBER OF CORRECT BYTES: 0
HD SUM:                  53
results rank estimation
nb_bins = 512
merge = 2
Starting preprocessing
Clearing memory
min: 2^122.8176321
actual rounded: 2^122.9398916
max: 2^123.0364601
time enum: 0.206126 seconds



Starting key ranking using HEL
