
Subkey  0
Subkey  1
Subkey  2
Subkey  3
Subkey  4
Subkey  5
Subkey  6
Subkey  7
Subkey  8
Subkey  9
Subkey 10
Subkey 11
Subkey 12
Subkey 13
Subkey 14
Subkey 15
Best Key Guess:   2b   1a   e4   67   51   fa   fd   d1   ea   45   78   25   ad   09   fc   fe  
Known Key:        2b   1a   e4   67   51   05   fd   d1   ea   45   78   25   ad   f6   fc   fe  
PGE:             000  000  000  000  000  255  000  000  000  000  000  000  000  253  000  000  
HD:              000  000  000  000  000  008  000  000  000  000  000  000  000  008  000  000  
SUCCESS:           1    1    1    1    1    0    1    1    1    1    1    1    1    0    1    1  
NUMBER OF CORRECT BYTES: 14
HD SUM:                  16
results rank estimation
nb_bins = 512
merge = 2
Starting preprocessing
Clearing memory
min: 2^56.55897128
actual rounded: 2^57.12263473
max: 2^57.57034666
time enum: 0.293363 seconds



Starting key ranking using HEL
