WARN: Empty trace: #1039
WARN: Empty trace: #1040
WARN: Empty trace: #1041
WARN: Empty trace: #1043
WARN: Empty trace: #1044
WARN: Empty trace: #1045
WARN: Empty trace: #1046
WARN: Empty trace: #1049
WARN: Empty trace: #1050
WARN: Empty trace: #1051
WARN: Empty trace: #1052
WARN: Empty trace: #1053
WARN: Empty trace: #1055
WARN: Empty trace: #1056
WARN: Empty trace: #1058
WARN: Empty trace: #1060
WARN: Empty trace: #1062
WARN: Empty trace: #1063
WARN: Empty trace: #1064
WARN: Empty trace: #1065
WARN: Empty trace: #1066
WARN: Empty trace: #1069
WARN: Empty trace: #1072
WARN: Empty trace: #1076
WARN: Empty trace: #1077
WARN: Empty trace: #1079
WARN: Empty trace: #1080
WARN: Empty trace: #1081
WARN: Empty trace: #1296
WARN: Empty trace: #1302
WARN: Empty trace: #1303
WARN: Empty trace: #1304
WARN: Empty trace: #1305
WARN: Empty trace: #1306
WARN: Empty trace: #1307
WARN: Empty trace: #1309
WARN: Empty trace: #1310
WARN: Empty trace: #1312
WARN: Empty trace: #1313
WARN: Empty trace: #1314
WARN: Empty trace: #1318
WARN: Empty trace: #1319
WARN: Empty trace: #1324
WARN: Empty trace: #1325
WARN: Empty trace: #1328
WARN: Empty trace: #1329
WARN: Empty trace: #1330
WARN: Empty trace: #1332
WARN: Empty trace: #1333
WARN: Empty trace: #1334
WARN: Empty trace: #1336
WARN: Empty trace: #1337
WARN: Empty trace: #1338
WARN: Empty trace: #1339
WARN: Empty trace: #1340
WARN: Empty trace: #1342
WARN: Empty trace: #1343
WARN: Empty trace: #1344
WARN: Empty trace: #1345
WARN: Empty trace: #1346
WARN: Empty trace: #1347
WARN: Empty trace: #1348
WARN: Empty trace: #1349
WARN: Empty trace: #1350
WARN: Empty trace: #1351
WARN: Empty trace: #1352
WARN: Empty trace: #1353
WARN: Empty trace: #1354
WARN: Empty trace: #1355
WARN: Empty trace: #1356
WARN: Empty trace: #1357
WARN: Empty trace: #1358
WARN: Empty trace: #1359
WARN: Empty trace: #1360
WARN: Empty trace: #1361
WARN: Empty trace: #1362
WARN: Empty trace: #1363
WARN: Empty trace: #1364
WARN: Empty trace: #1365
WARN: Empty trace: #1366
WARN: Empty trace: #1367
WARN: Empty trace: #1368
WARN: Empty trace: #1369
WARN: Empty trace: #1370
WARN: Empty trace: #1371
WARN: Empty trace: #1372
WARN: Empty trace: #1373
WARN: Empty trace: #1374
WARN: Empty trace: #1376
WARN: Empty trace: #1855
WARN: Empty trace: #1880
WARN: Empty trace: #1885
WARN: Empty trace: #1896
WARN: Empty trace: #1918
WARN: Empty trace: #1940
WARN: Empty trace: #1945
WARN: Empty trace: #1948
WARN: Empty trace: #1949
WARN: Empty trace: #1954
WARN: Empty trace: #1956
WARN: Empty trace: #1957
WARN: Empty trace: #1960
WARN: Empty trace: #1961
WARN: Empty trace: #1962
WARN: Empty trace: #1969
WARN: Empty trace: #1970
WARN: Empty trace: #1972
WARN: Empty trace: #1976

Subkey  0
Subkey  1
Subkey  2
Subkey  3
Subkey  4
Subkey  5
Subkey  6
Subkey  7
Subkey  8
Subkey  9
Subkey 10
Subkey 11
Subkey 12
Subkey 13
Subkey 14
Subkey 15
Best Key Guess:   2b   1a   e4   67   51   fa   fd   d1   ea   45   78   25   ad   09   fc   fe  
Known Key:        2b   1a   e4   67   51   05   fd   d1   ea   45   78   25   ad   f6   fc   fe  
PGE:             000  000  000  000  000  255  000  000  000  000  000  000  000  254  000  000  
HD:              000  000  000  000  000  008  000  000  000  000  000  000  000  008  000  000  
SUCCESS:           1    1    1    1    1    0    1    1    1    1    1    1    1    0    1    1  
NUMBER OF CORRECT BYTES: 14
HD SUM:                  16
results rank estimation
nb_bins = 512
merge = 2
Starting preprocessing
Clearing memory
min: 2^55.51226777
actual rounded: 2^56.06577118
max: 2^56.50559073
time enum: 0.137523 seconds



Starting key ranking using HEL
