
Subkey  0
Subkey  1
Subkey  2
Subkey  3
Subkey  4
Subkey  5
Subkey  6
Subkey  7
Subkey  8
Subkey  9
Subkey 10
Subkey 11
Subkey 12
Subkey 13
Subkey 14
Subkey 15
Best Key Guess:   57   bd   b4   a9   7e   b5   40   54   e5   5d   02   8d   56   ce   5a   4b  
Known Key:        62   ce   12   55   ff   71   f8   e6   6e   0d   66   3a   56   02   5b   40  
PGE:             064  140  114  204  049  076  024  081  053  073  036  064  000  112  231  171  
HD:              004  005  004  006  002  003  004  004  004  002  003  006  000  004  001  003  
SUCCESS:           0    0    0    0    0    0    0    0    0    0    0    0    1    0    0    0  
NUMBER OF CORRECT BYTES: 1
HD SUM:                  55
results rank estimation
nb_bins = 512
merge = 2
Starting preprocessing
Clearing memory
min: 2^123.0127602
actual rounded: 2^123.1720822
max: 2^123.2974424
time enum: 0.207892 seconds



Starting key ranking using HEL
