
Subkey  0
Subkey  1
Subkey  2
Subkey  3
Subkey  4
Subkey  5
Subkey  6
Subkey  7
Subkey  8
Subkey  9
Subkey 10
Subkey 11
Subkey 12
Subkey 13
Subkey 14
Subkey 15
Best Key Guess:   61   4e   a0   55   fa   71   f8   e6   6e   0d   66   3a   56   02   5b   40  
Known Key:        62   ce   12   55   ff   71   f8   e6   6e   0d   66   3a   56   02   5b   40  
PGE:             001  003  253  000  003  000  000  000  000  000  000  000  000  000  000  000  
HD:              002  001  004  000  002  000  000  000  000  000  000  000  000  000  000  000  
SUCCESS:           0    0    0    1    0    1    1    1    1    1    1    1    1    1    1    1  
NUMBER OF CORRECT BYTES: 12
HD SUM:                  9
results rank estimation
nb_bins = 512
merge = 2
Starting preprocessing
Clearing memory
min: 2^27.8595747
actual rounded: 2^28.52974998
max: 2^29.06061446
time enum: 0.203723 seconds



Starting key ranking using HEL
