
Subkey  0
Subkey  1
Subkey  2
Subkey  3
Subkey  4
Subkey  5
Subkey  6
Subkey  7
Subkey  8
Subkey  9
Subkey 10
Subkey 11
Subkey 12
Subkey 13
Subkey 14
Subkey 15
Best Key Guess:   de   7a   d1   a6   c3   37   ca   40   14   e3   fd   e6   02   19   9c   10  
Known Key:        62   ce   12   55   ff   71   f8   e6   6e   0d   66   3a   56   02   5b   40  
PGE:             163  187  036  254  122  076  248  253  167  154  162  031  015  200  113  150  
HD:              005  004  004  006  004  003  003  004  005  006  005  005  003  004  005  002  
SUCCESS:           0    0    0    0    0    0    0    0    0    0    0    0    0    0    0    0  
NUMBER OF CORRECT BYTES: 0
HD SUM:                  68
results rank estimation
nb_bins = 512
merge = 2
Starting preprocessing
Clearing memory
min: 2^127.8579663
actual rounded: 2^127.8669969
max: 2^127.8738839
time enum: 0.203906 seconds



Starting key ranking using HEL
