
Subkey  0
Subkey  1
Subkey  2
Subkey  3
Subkey  4
Subkey  5
Subkey  6
Subkey  7
Subkey  8
Subkey  9
Subkey 10
Subkey 11
Subkey 12
Subkey 13
Subkey 14
Subkey 15
Best Key Guess:   51   b1   86   9a   da   45   68   ac   14   e3   a7   47   53   ae   75   00  
Known Key:        62   ce   12   55   ff   71   f8   e6   6e   0d   66   3a   56   02   5b   40  
PGE:             195  129  058  187  131  052  081  235  039  090  232  053  006  210  018  192  
HD:              004  007  003  006  003  003  002  003  005  006  003  006  002  004  004  001  
SUCCESS:           0    0    0    0    0    0    0    0    0    0    0    0    0    0    0    0  
NUMBER OF CORRECT BYTES: 0
HD SUM:                  62
results rank estimation
nb_bins = 512
merge = 2
Starting preprocessing
Clearing memory
min: 2^126.3459119
actual rounded: 2^126.3992441
max: 2^126.441081
time enum: 0.206935 seconds



Starting key ranking using HEL
