
Subkey  0
Subkey  1
Subkey  2
Subkey  3
Subkey  4
Subkey  5
Subkey  6
Subkey  7
Subkey  8
Subkey  9
Subkey 10
Subkey 11
Subkey 12
Subkey 13
Subkey 14
Subkey 15
Best Key Guess:   21   b9   44   3e   22   7b   68   7d   fb   e3   84   47   38   3c   62   4d  
Known Key:        62   ce   12   55   ff   71   f8   e6   6e   0d   66   3a   56   02   5b   40  
PGE:             188  134  035  227  146  064  064  243  028  054  252  118  054  230  014  194  
HD:              003  006  004  005  006  002  002  005  004  006  004  006  005  005  004  003  
SUCCESS:           0    0    0    0    0    0    0    0    0    0    0    0    0    0    0    0  
NUMBER OF CORRECT BYTES: 0
HD SUM:                  70
results rank estimation
nb_bins = 512
merge = 2
Starting preprocessing
Clearing memory
min: 2^127.2007309
actual rounded: 2^127.2379807
max: 2^127.2668773
time enum: 0.208229 seconds



Starting key ranking using HEL
