
Subkey  0
Subkey  1
Subkey  2
Subkey  3
Subkey  4
Subkey  5
Subkey  6
Subkey  7
Subkey  8
Subkey  9
Subkey 10
Subkey 11
Subkey 12
Subkey 13
Subkey 14
Subkey 15
Best Key Guess:   1b   94   cc   1b   b9   1d   8b   91   df   48   32   a6   c4   5f   32   58  
Known Key:        62   ce   12   55   ff   71   f8   e6   6e   0d   66   3a   56   02   5b   40  
PGE:             144  151  213  194  027  116  146  027  025  145  035  152  002  081  195  235  
HD:              005  004  006  004  003  004  005  006  004  003  003  004  003  005  004  002  
SUCCESS:           0    0    0    0    0    0    0    0    0    0    0    0    0    0    0    0  
NUMBER OF CORRECT BYTES: 0
HD SUM:                  65
results rank estimation
nb_bins = 512
merge = 2
Starting preprocessing
Clearing memory
min: 2^125.6412247
actual rounded: 2^125.7226796
max: 2^125.7865492
time enum: 0.204092 seconds



Starting key ranking using HEL
