
Subkey  0
Subkey  1
Subkey  2
Subkey  3
Subkey  4
Subkey  5
Subkey  6
Subkey  7
Subkey  8
Subkey  9
Subkey 10
Subkey 11
Subkey 12
Subkey 13
Subkey 14
Subkey 15
Best Key Guess:   2e   34   d9   6d   6d   85   70   df   93   ca   3b   49   8f   70   94   6b  
Known Key:        2c   36   dd   69   6d   85   76   de   96   cd   3f   4f   89   76   94   6a  
PGE:             004  004  006  003  000  000  002  037  001  002  004  002  003  002  000  005  
HD:              001  001  001  001  000  000  002  001  002  003  001  002  002  002  000  001  
SUCCESS:           0    0    0    0    1    1    0    0    0    0    0    0    0    0    1    0  
NUMBER OF CORRECT BYTES: 3
HD SUM:                  20
results rank estimation
nb_bins = 512
merge = 2
Starting preprocessing
Clearing memory
min: 2^46.84845212
actual rounded: 2^47.77694124
max: 2^48.49023789
time enum: 0.204154 seconds



Starting key ranking using HEL
