
Subkey  0
Subkey  1
Subkey  2
Subkey  3
Subkey  4
Subkey  5
Subkey  6
Subkey  7
Subkey  8
Subkey  9
Subkey 10
Subkey 11
Subkey 12
Subkey 13
Subkey 14
Subkey 15
Best Key Guess:   2c   8a   dd   00   e9   29   66   4a   96   cc   7c   4e   89   78   94   6a  
Known Key:        2c   36   dd   69   6d   85   76   de   96   cd   3f   4f   89   76   94   6a  
PGE:             000  013  000  001  019  005  001  016  000  017  003  025  000  083  000  000  
HD:              000  005  000  004  002  004  001  003  000  001  003  001  000  003  000  000  
SUCCESS:           1    0    1    0    0    0    0    0    1    0    0    0    1    0    1    1  
NUMBER OF CORRECT BYTES: 6
HD SUM:                  27
results rank estimation
nb_bins = 512
merge = 2
Starting preprocessing
Clearing memory
min: 2^62.57784248
actual rounded: 2^63.05366119
max: 2^63.4321254
time enum: 0.207016 seconds



Starting key ranking using HEL
