
Subkey  0
Subkey  1
Subkey  2
Subkey  3
Subkey  4
Subkey  5
Subkey  6
Subkey  7
Subkey  8
Subkey  9
Subkey 10
Subkey 11
Subkey 12
Subkey 13
Subkey 14
Subkey 15
Best Key Guess:   2e   36   db   69   6d   83   76   ff   97   cf   3f   4d   89   72   94   6f  
Known Key:        2c   36   dd   69   6d   85   76   de   96   cd   3f   4f   89   76   94   6a  
PGE:             002  000  003  000  000  001  000  011  005  001  000  001  000  001  000  001  
HD:              001  000  002  000  000  002  000  002  001  001  000  001  000  001  000  002  
SUCCESS:           0    1    0    1    1    0    1    0    0    0    1    0    1    0    1    0  
NUMBER OF CORRECT BYTES: 7
HD SUM:                  13
results rank estimation
nb_bins = 512
merge = 2
Starting preprocessing
Clearing memory
min: 2^25.19155387
actual rounded: 2^28.23866099
max: 2^30.40946834
time enum: 0.207506 seconds



Starting key ranking using HEL
