
Subkey  0
Subkey  1
Subkey  2
Subkey  3
Subkey  4
Subkey  5
Subkey  6
Subkey  7
Subkey  8
Subkey  9
Subkey 10
Subkey 11
Subkey 12
Subkey 13
Subkey 14
Subkey 15
Best Key Guess:   2e   36   db   69   6d   83   70   d7   94   cf   3f   4d   89   72   94   6c  
Known Key:        2c   36   dd   69   6d   85   76   de   96   cd   3f   4f   89   76   94   6a  
PGE:             005  000  006  000  000  001  005  018  003  001  000  001  000  004  000  004  
HD:              001  000  002  000  000  002  002  002  001  001  000  001  000  001  000  002  
SUCCESS:           0    1    0    1    1    0    0    0    0    0    1    0    1    0    1    0  
NUMBER OF CORRECT BYTES: 6
HD SUM:                  15
results rank estimation
nb_bins = 512
merge = 2
Starting preprocessing
Clearing memory
min: 2^37.79562114
actual rounded: 2^39.26400333
max: 2^40.35227086
time enum: 0.206667 seconds



Starting key ranking using HEL
