
Subkey  0
Subkey  1
Subkey  2
Subkey  3
Subkey  4
Subkey  5
Subkey  6
Subkey  7
Subkey  8
Subkey  9
Subkey 10
Subkey 11
Subkey 12
Subkey 13
Subkey 14
Subkey 15
Best Key Guess:   2e   36   db   69   6d   83   74   ce   95   cf   3f   4d   8e   74   94   6c  
Known Key:        2c   36   dd   69   6d   85   76   de   96   cd   3f   4f   89   76   94   6a  
PGE:             001  000  003  000  000  001  004  006  001  004  000  001  005  004  000  005  
HD:              001  000  002  000  000  002  001  001  002  001  000  001  003  001  000  002  
SUCCESS:           0    1    0    1    1    0    0    0    0    0    1    0    0    0    1    0  
NUMBER OF CORRECT BYTES: 5
HD SUM:                  17
results rank estimation
nb_bins = 512
merge = 2
Starting preprocessing
Clearing memory
min: 2^32.45410725
actual rounded: 2^34.876134
max: 2^36.59744839
time enum: 0.207079 seconds



Starting key ranking using HEL
