
Subkey  0
Subkey  1
Subkey  2
Subkey  3
Subkey  4
Subkey  5
Subkey  6
Subkey  7
Subkey  8
Subkey  9
Subkey 10
Subkey 11
Subkey 12
Subkey 13
Subkey 14
Subkey 15
Best Key Guess:   2c   8a   dd   69   e9   85   66   4f   96   cf   3f   45   89   46   94   6a  
Known Key:        2c   36   dd   69   6d   85   76   de   96   cd   3f   4f   89   76   94   6a  
PGE:             000  011  000  000  024  000  011  002  000  007  000  008  000  094  000  000  
HD:              000  005  000  000  002  000  001  003  000  001  000  002  000  002  000  000  
SUCCESS:           1    0    1    1    0    1    0    0    1    0    1    0    1    0    1    1  
NUMBER OF CORRECT BYTES: 9
HD SUM:                  16
results rank estimation
nb_bins = 512
merge = 2
Starting preprocessing
Clearing memory
min: 2^49.2840463
actual rounded: 2^49.81415741
max: 2^50.23574098
time enum: 0.206136 seconds



Starting key ranking using HEL
