
Subkey  0
Subkey  1
Subkey  2
Subkey  3
Subkey  4
Subkey  5
Subkey  6
Subkey  7
Subkey  8
Subkey  9
Subkey 10
Subkey 11
Subkey 12
Subkey 13
Subkey 14
Subkey 15
Best Key Guess:   2a   31   c3   71   6d   85   76   dc   96   ca   23   48   88   76   94   6c  
Known Key:        2c   36   dd   69   6d   85   76   de   96   cd   3f   4f   89   76   94   6a  
PGE:             002  006  022  003  000  000  000  051  000  004  012  001  007  000  000  001  
HD:              002  003  004  002  000  000  000  001  000  003  003  003  001  000  000  002  
SUCCESS:           0    0    0    0    1    1    1    0    1    0    0    0    0    1    1    0  
NUMBER OF CORRECT BYTES: 6
HD SUM:                  24
results rank estimation
nb_bins = 512
merge = 2
Starting preprocessing
Clearing memory
min: 2^52.17281379
actual rounded: 2^52.9705832
max: 2^53.59325142
time enum: 0.209996 seconds



Starting key ranking using HEL
