
Subkey  0
Subkey  1
Subkey  2
Subkey  3
Subkey  4
Subkey  5
Subkey  6
Subkey  7
Subkey  8
Subkey  9
Subkey 10
Subkey 11
Subkey 12
Subkey 13
Subkey 14
Subkey 15
Best Key Guess:   2e   36   d9   6d   6d   85   76   df   93   cd   3b   4d   8f   76   94   6b  
Known Key:        2c   36   dd   69   6d   85   76   de   96   cd   3f   4f   89   76   94   6a  
PGE:             003  000  004  002  000  000  000  025  004  000  001  001  001  000  000  004  
HD:              001  000  001  001  000  000  000  001  002  000  001  001  002  000  000  001  
SUCCESS:           0    1    0    0    1    1    1    0    0    1    0    0    0    1    1    0  
NUMBER OF CORRECT BYTES: 7
HD SUM:                  11
results rank estimation
nb_bins = 512
merge = 2
Starting preprocessing
Clearing memory
min: 2^36.00054498
actual rounded: 2^37.77482895
max: 2^39.0851167
time enum: 0.208437 seconds



Starting key ranking using HEL
