
Subkey  0
Subkey  1
Subkey  2
Subkey  3
Subkey  4
Subkey  5
Subkey  6
Subkey  7
Subkey  8
Subkey  9
Subkey 10
Subkey 11
Subkey 12
Subkey 13
Subkey 14
Subkey 15
Best Key Guess:   2c   06   d8   69   6d   15   76   de   96   cf   3f   4e   89   b5   94   6a  
Known Key:        2c   36   dd   69   6d   85   76   de   96   cd   3f   4f   89   76   94   6a  
PGE:             000  001  004  000  000  009  000  000  000  001  000  003  000  006  000  000  
HD:              000  002  002  000  000  002  000  000  000  001  000  001  000  004  000  000  
SUCCESS:           1    0    0    1    1    0    1    1    1    0    1    0    1    0    1    1  
NUMBER OF CORRECT BYTES: 10
HD SUM:                  12
results rank estimation
nb_bins = 512
merge = 2
Starting preprocessing
Clearing memory
min: 2^20.24695974
actual rounded: 2^21.10616418
max: 2^21.7822936
time enum: 0.20481 seconds



Starting key ranking using HEL
