
Subkey  0
Subkey  1
Subkey  2
Subkey  3
Subkey  4
Subkey  5
Subkey  6
Subkey  7
Subkey  8
Subkey  9
Subkey 10
Subkey 11
Subkey 12
Subkey 13
Subkey 14
Subkey 15
Best Key Guess:   8c   82   10   3b   cc   47   01   30   00   94   33   63   90   ee   df   4c  
Known Key:        2b   1a   e4   67   51   05   fd   d1   ea   45   78   25   ad   f6   fc   fe  
PGE:             156  071  223  123  188  073  173  215  153  084  155  242  203  003  155  097  
HD:              005  003  005  004  005  002  006  004  005  004  004  003  005  002  003  004  
SUCCESS:           0    0    0    0    0    0    0    0    0    0    0    0    0    0    0    0  
NUMBER OF CORRECT BYTES: 0
HD SUM:                  64
results rank estimation
nb_bins = 512
merge = 2
Starting preprocessing
Clearing memory
min: 2^127.5504852
actual rounded: 2^127.5701979
max: 2^127.5855069
time enum: 0.138309 seconds



Starting key ranking using HEL
