
Subkey  0
Subkey  1
Subkey  2
Subkey  3
Subkey  4
Subkey  5
Subkey  6
Subkey  7
Subkey  8
Subkey  9
Subkey 10
Subkey 11
Subkey 12
Subkey 13
Subkey 14
Subkey 15
Best Key Guess:   29   1a   e0   63   51   04   5d   d1   19   45   7b   27   ab   f3   fc   fd  
Known Key:        2b   1a   e4   67   51   05   fd   d1   ea   45   78   25   ad   f6   fc   fe  
PGE:             006  000  005  007  000  001  015  000  061  000  005  006  007  006  000  005  
HD:              001  000  001  001  000  001  002  000  006  000  002  001  002  002  000  002  
SUCCESS:           0    1    0    0    1    0    0    1    0    1    0    0    0    0    1    0  
NUMBER OF CORRECT BYTES: 5
HD SUM:                  21
results rank estimation
nb_bins = 512
merge = 2
Starting preprocessing
Clearing memory
min: 2^43.1461357
actual rounded: 2^43.64443814
max: 2^44.03432961
time enum: 0.139265 seconds



Starting key ranking using HEL
