
Subkey  0
Subkey  1
Subkey  2
Subkey  3
Subkey  4
Subkey  5
Subkey  6
Subkey  7
Subkey  8
Subkey  9
Subkey 10
Subkey 11
Subkey 12
Subkey 13
Subkey 14
Subkey 15
Best Key Guess:   8d   82   56   32   80   27   28   fc   89   a0   30   92   90   ef   db   fc  
Known Key:        2b   1a   e4   67   51   05   fd   d1   ea   45   78   25   ad   f6   fc   fe  
PGE:             136  039  204  141  182  016  192  148  156  151  046  254  157  002  177  033  
HD:              004  003  004  004  004  002  005  004  004  005  002  006  005  003  004  001  
SUCCESS:           0    0    0    0    0    0    0    0    0    0    0    0    0    0    0    0  
NUMBER OF CORRECT BYTES: 0
HD SUM:                  60
results rank estimation
nb_bins = 512
merge = 2
Starting preprocessing
Clearing memory
min: 2^126.770636
actual rounded: 2^126.8100928
max: 2^126.8410346
time enum: 0.138318 seconds



Starting key ranking using HEL
