
Subkey  0
Subkey  1
Subkey  2
Subkey  3
Subkey  4
Subkey  5
Subkey  6
Subkey  7
Subkey  8
Subkey  9
Subkey 10
Subkey 11
Subkey 12
Subkey 13
Subkey 14
Subkey 15
Best Key Guess:   8d   32   f0   bb   9c   a7   1d   52   0c   80   14   07   85   6a   dd   4c  
Known Key:        2b   1a   e4   67   51   05   fd   d1   ea   45   78   25   ad   f6   fc   fe  
PGE:             122  052  135  218  236  089  164  222  225  153  212  106  046  105  101  125  
HD:              004  002  002  005  005  003  003  003  005  004  004  002  002  004  002  004  
SUCCESS:           0    0    0    0    0    0    0    0    0    0    0    0    0    0    0    0  
NUMBER OF CORRECT BYTES: 0
HD SUM:                  54
results rank estimation
nb_bins = 512
merge = 2
Starting preprocessing
Clearing memory
min: 2^127.7608557
actual rounded: 2^127.7726541
max: 2^127.7817686
time enum: 0.139753 seconds



Starting key ranking using HEL
