
Subkey  0
Subkey  1
Subkey  2
Subkey  3
Subkey  4
Subkey  5
Subkey  6
Subkey  7
Subkey  8
Subkey  9
Subkey 10
Subkey 11
Subkey 12
Subkey 13
Subkey 14
Subkey 15
Best Key Guess:   28   35   d8   6d   6a   85   76   da   97   cd   3c   4b   8d   76   94   6c  
Known Key:        2c   36   dd   69   6d   85   76   de   96   cd   3f   4f   89   76   94   6a  
PGE:             001  001  002  001  005  000  000  002  001  000  004  004  001  000  000  001  
HD:              001  002  002  001  003  000  000  001  001  000  002  001  001  000  000  002  
SUCCESS:           0    0    0    0    0    1    1    0    0    1    0    0    0    1    1    0  
NUMBER OF CORRECT BYTES: 5
HD SUM:                  17
results rank estimation
nb_bins = 512
merge = 2
Starting preprocessing
Clearing memory
min: 2^30.52695254
actual rounded: 2^35.18949661
max: 2^38.17245919
time enum: 0.206868 seconds



Starting key ranking using HEL
