
Subkey  0
Subkey  1
Subkey  2
Subkey  3
Subkey  4
Subkey  5
Subkey  6
Subkey  7
Subkey  8
Subkey  9
Subkey 10
Subkey 11
Subkey 12
Subkey 13
Subkey 14
Subkey 15
Best Key Guess:   2a   2d   d8   69   6a   87   6e   da   93   cd   3a   49   89   d1   96   6f  
Known Key:        2c   36   dd   69   6d   85   76   de   96   cd   3f   4f   89   76   94   6a  
PGE:             006  010  003  000  006  001  004  001  004  000  004  003  000  008  005  005  
HD:              002  004  002  000  003  001  002  001  002  000  002  002  000  005  001  002  
SUCCESS:           0    0    0    1    0    0    0    0    0    1    0    0    1    0    0    0  
NUMBER OF CORRECT BYTES: 3
HD SUM:                  29
results rank estimation
nb_bins = 512
merge = 2
Starting preprocessing
Clearing memory
min: 2^48.42253731
actual rounded: 2^49.31349234
max: 2^49.98036991
time enum: 0.207143 seconds



Starting key ranking using HEL
