
Subkey  0
Subkey  1
Subkey  2
Subkey  3
Subkey  4
Subkey  5
Subkey  6
Subkey  7
Subkey  8
Subkey  9
Subkey 10
Subkey 11
Subkey 12
Subkey 13
Subkey 14
Subkey 15
Best Key Guess:   28   34   de   6d   6a   85   75   da   97   ce   3c   4c   8d   71   91   6c  
Known Key:        2c   36   dd   69   6d   85   76   de   96   cd   3f   4f   89   76   94   6a  
PGE:             004  001  002  001  003  000  003  001  002  001  004  004  001  002  001  001  
HD:              001  001  002  001  003  000  002  001  001  002  002  002  001  003  002  002  
SUCCESS:           0    0    0    0    0    1    0    0    0    0    0    0    0    0    0    0  
NUMBER OF CORRECT BYTES: 1
HD SUM:                  26
results rank estimation
nb_bins = 512
merge = 2
Starting preprocessing
Clearing memory
min: 2^40.95965774
actual rounded: 2^42.88454978
max: 2^44.14789319
time enum: 0.207447 seconds



Starting key ranking using HEL
