
Subkey  0
Subkey  1
Subkey  2
Subkey  3
Subkey  4
Subkey  5
Subkey  6
Subkey  7
Subkey  8
Subkey  9
Subkey 10
Subkey 11
Subkey 12
Subkey 13
Subkey 14
Subkey 15
Best Key Guess:   28   37   de   69   6a   87   75   da   93   cd   3a   4b   8d   74   95   6a  
Known Key:        2c   36   dd   69   6d   85   76   de   96   cd   3f   4f   89   76   94   6a  
PGE:             005  007  004  000  004  001  003  004  002  000  007  004  001  004  002  000  
HD:              001  001  002  000  003  001  002  001  002  000  002  001  001  001  001  000  
SUCCESS:           0    0    0    1    0    0    0    0    0    1    0    0    0    0    0    1  
NUMBER OF CORRECT BYTES: 3
HD SUM:                  19
results rank estimation
nb_bins = 512
merge = 2
Starting preprocessing
Clearing memory
min: 2^43.92470606
actual rounded: 2^44.97187674
max: 2^45.74145237
time enum: 0.206628 seconds



Starting key ranking using HEL
