
Subkey  0
Subkey  1
Subkey  2
Subkey  3
Subkey  4
Subkey  5
Subkey  6
Subkey  7
Subkey  8
Subkey  9
Subkey 10
Subkey 11
Subkey 12
Subkey 13
Subkey 14
Subkey 15
Best Key Guess:   2a   37   de   69   6a   85   75   da   96   cd   3a   4b   89   74   95   6a  
Known Key:        2c   36   dd   69   6d   85   76   de   96   cd   3f   4f   89   76   94   6a  
PGE:             006  001  004  000  005  000  001  003  000  000  003  003  000  006  002  000  
HD:              002  001  002  000  003  000  002  001  000  000  002  001  000  001  001  000  
SUCCESS:           0    0    0    1    0    1    0    0    1    1    0    0    1    0    0    1  
NUMBER OF CORRECT BYTES: 6
HD SUM:                  16
results rank estimation
nb_bins = 512
merge = 2
Starting preprocessing
Clearing memory
min: 2^39.33744948
actual rounded: 2^41.18306534
max: 2^42.49003338
time enum: 0.206226 seconds



Starting key ranking using HEL
