
Subkey  0
Subkey  1
Subkey  2
Subkey  3
Subkey  4
Subkey  5
Subkey  6
Subkey  7
Subkey  8
Subkey  9
Subkey 10
Subkey 11
Subkey 12
Subkey 13
Subkey 14
Subkey 15
Best Key Guess:   2a   2a   d8   69   6a   87   6e   da   90   cd   3a   4a   8b   74   96   6a  
Known Key:        2c   36   dd   69   6d   85   76   de   96   cd   3f   4f   89   76   94   6a  
PGE:             003  012  003  000  004  001  014  003  005  000  007  006  002  006  003  000  
HD:              002  003  002  000  003  001  002  001  002  000  002  002  001  001  001  000  
SUCCESS:           0    0    0    1    0    0    0    0    0    1    0    0    0    0    0    1  
NUMBER OF CORRECT BYTES: 3
HD SUM:                  23
results rank estimation
nb_bins = 512
merge = 2
Starting preprocessing
Clearing memory
min: 2^52.17655145
actual rounded: 2^52.83674065
max: 2^53.35036228
time enum: 0.239508 seconds



Starting key ranking using HEL
