
Subkey  0
Subkey  1
Subkey  2
Subkey  3
Subkey  4
Subkey  5
Subkey  6
Subkey  7
Subkey  8
Subkey  9
Subkey 10
Subkey 11
Subkey 12
Subkey 13
Subkey 14
Subkey 15
Best Key Guess:   62   ce   12   55   ff   71   f8   e6   6e   0d   66   3a   56   02   5b   40  
Known Key:        62   ce   12   55   ff   71   f8   e6   6e   0d   66   3a   56   02   5b   40  
PGE:             000  000  000  000  000  000  000  000  000  000  000  000  000  000  000  000  
HD:              000  000  000  000  000  000  000  000  000  000  000  000  000  000  000  000  
SUCCESS:           1    1    1    1    1    1    1    1    1    1    1    1    1    1    1    1  
NUMBER OF CORRECT BYTES: 16
HD SUM:                  0
results rank estimation
nb_bins = 512
merge = 2
Starting preprocessing
Clearing memory
min: 2^0
actual rounded: 2^0
max: 2^0
time enum: 0.216353 seconds



Starting key ranking using HEL
