
Subkey  0
Subkey  1
Subkey  2
Subkey  3
Subkey  4
Subkey  5
Subkey  6
Subkey  7
Subkey  8
Subkey  9
Subkey 10
Subkey 11
Subkey 12
Subkey 13
Subkey 14
Subkey 15
Best Key Guess:   2a   35   d8   6e   6d   87   72   de   97   cd   3d   4d   8d   77   95   6b  
Known Key:        2c   36   dd   69   6d   85   76   de   96   cd   3f   4f   89   76   94   6a  
PGE:             002  007  005  002  000  001  004  000  002  000  004  004  001  002  002  001  
HD:              002  002  002  003  000  001  001  000  001  000  001  001  001  001  001  001  
SUCCESS:           0    0    0    0    1    0    0    1    0    1    0    0    0    0    0    0  
NUMBER OF CORRECT BYTES: 3
HD SUM:                  18
results rank estimation
nb_bins = 512
merge = 2
Starting preprocessing
Clearing memory
min: 2^34.90120908
actual rounded: 2^35.98567089
max: 2^36.80780085
time enum: 0.220427 seconds



Starting key ranking using HEL
