INFO: Number of empty traces: 0

Subkey  0
Subkey  1
Subkey  2
Subkey  3
Subkey  4
Subkey  5
Subkey  6
Subkey  7
Subkey  8
Subkey  9
Subkey 10
Subkey 11
Subkey 12
Subkey 13
Subkey 14
Subkey 15
Best Key Guess:   f9   29   03   24   e5   5d   3b   fc   be   00   b4   ec   af   f5   56   42  
Known Key:        fb   2c   07   2c   e8   7f   3c   fc   bd   04   ba   ee   8c   fa   58   43  
PGE:             005  014  010  014  009  163  015  000  013  012  010  006  015  015  002  002  
HD:              001  002  001  001  003  002  003  000  002  001  003  001  003  004  003  001  
SUCCESS:           0    0    0    0    0    0    0    1    0    0    0    0    0    0    0    0  
NUMBER OF CORRECT BYTES: 1
HD SUM:                  31
results rank estimation
nb_bins = 512
merge = 2
Starting preprocessing
Clearing memory
min: 2^71.61936654
actual rounded: 2^72.00533559
max: 2^72.32352225
time enum: 0.134676 seconds



Starting key ranking using HEL
