INFO: Number of empty traces: 0

Subkey  0
Subkey  1
Subkey  2
Subkey  3
Subkey  4
Subkey  5
Subkey  6
Subkey  7
Subkey  8
Subkey  9
Subkey 10
Subkey 11
Subkey 12
Subkey 13
Subkey 14
Subkey 15
Best Key Guess:   f4   2f   00   24   e6   9f   3b   ff   ba   00   b9   ea   30   f8   57   42  
Known Key:        fb   2c   07   2c   e8   7f   3c   fc   bd   04   ba   ee   8c   fa   58   43  
PGE:             009  011  010  012  006  176  015  004  011  003  004  008  129  012  003  006  
HD:              004  002  003  001  003  003  003  002  003  001  002  001  005  001  004  001  
SUCCESS:           0    0    0    0    0    0    0    0    0    0    0    0    0    0    0    0  
NUMBER OF CORRECT BYTES: 0
HD SUM:                  39
results rank estimation
nb_bins = 512
merge = 2
Starting preprocessing
Clearing memory
min: 2^74.0390237
actual rounded: 2^74.49031821
max: 2^74.84332535
time enum: 0.137023 seconds



Starting key ranking using HEL
