INFO: Number of empty traces: 0

Subkey  0
Subkey  1
Subkey  2
Subkey  3
Subkey  4
Subkey  5
Subkey  6
Subkey  7
Subkey  8
Subkey  9
Subkey 10
Subkey 11
Subkey 12
Subkey 13
Subkey 14
Subkey 15
Best Key Guess:   ff   28   06   26   e9   75   33   fe   b9   0c   b2   ed   87   f4   53   41  
Known Key:        fb   2c   07   2c   e8   7f   3c   fc   bd   04   ba   ee   8c   fa   58   43  
PGE:             009  015  008  014  006  008  004  009  014  012  015  003  001  007  003  012  
HD:              001  001  001  002  001  002  004  001  001  001  001  002  003  003  003  001  
SUCCESS:           0    0    0    0    0    0    0    0    0    0    0    0    0    0    0    0  
NUMBER OF CORRECT BYTES: 0
HD SUM:                  28
results rank estimation
nb_bins = 512
merge = 2
Starting preprocessing
Clearing memory
min: 2^65.78610567
actual rounded: 2^66.68767105
max: 2^67.3642596
time enum: 0.144256 seconds



Starting key ranking using HEL
