INFO: Number of empty traces: 0

Subkey  0
Subkey  1
Subkey  2
Subkey  3
Subkey  4
Subkey  5
Subkey  6
Subkey  7
Subkey  8
Subkey  9
Subkey 10
Subkey 11
Subkey 12
Subkey 13
Subkey 14
Subkey 15
Best Key Guess:   f8   29   0a   20   ed   7e   38   fa   b2   07   b9   ea   84   fd   52   4e  
Known Key:        fb   2c   07   2c   e8   7f   3c   fc   bd   04   ba   ee   8c   fa   58   43  
PGE:             010  015  017  013  006  004  019  013  012  012  011  005  007  007  012  013  
HD:              002  002  003  002  002  001  001  002  004  002  002  001  001  003  002  003  
SUCCESS:           0    0    0    0    0    0    0    0    0    0    0    0    0    0    0    0  
NUMBER OF CORRECT BYTES: 0
HD SUM:                  33
results rank estimation
nb_bins = 512
merge = 2
Starting preprocessing
Clearing memory
min: 2^74.59893182
actual rounded: 2^75.14903355
max: 2^75.5819081
time enum: 0.139274 seconds



Starting key ranking using HEL
