INFO: Number of empty traces: 0

Subkey  0
Subkey  1
Subkey  2
Subkey  3
Subkey  4
Subkey  5
Subkey  6
Subkey  7
Subkey  8
Subkey  9
Subkey 10
Subkey 11
Subkey 12
Subkey 13
Subkey 14
Subkey 15
Best Key Guess:   f0   21   05   21   e3   74   0a   f1   b3   05   b8   e0   86   a5   56   4f  
Known Key:        fb   2c   07   2c   e8   7f   3c   fc   bd   04   ba   ee   8c   fa   58   43  
PGE:             015  004  009  009  010  002  112  009  002  005  002  007  012  061  010  010  
HD:              003  003  001  003  003  003  004  003  003  001  001  003  002  006  003  002  
SUCCESS:           0    0    0    0    0    0    0    0    0    0    0    0    0    0    0    0  
NUMBER OF CORRECT BYTES: 0
HD SUM:                  44
results rank estimation
nb_bins = 512
merge = 2
Starting preprocessing
Clearing memory
min: 2^76.00044169
actual rounded: 2^76.6471674
max: 2^77.15470036
time enum: 0.137447 seconds



Starting key ranking using HEL
