INFO: Number of empty traces: 0

Subkey  0
Subkey  1
Subkey  2
Subkey  3
Subkey  4
Subkey  5
Subkey  6
Subkey  7
Subkey  8
Subkey  9
Subkey 10
Subkey 11
Subkey 12
Subkey 13
Subkey 14
Subkey 15
Best Key Guess:   9b   21   6a   e8   0a   9f   c5   f9   5e   1b   be   e4   1b   da   50   89  
Known Key:        fb   2c   07   2c   e8   7f   3c   fc   bd   04   ba   ee   8c   fa   58   43  
PGE:             024  009  122  134  001  210  069  014  021  143  051  005  244  184  007  178  
HD:              002  003  005  003  004  003  006  002  005  005  001  002  005  001  001  004  
SUCCESS:           0    0    0    0    0    0    0    0    0    0    0    0    0    0    0    0  
NUMBER OF CORRECT BYTES: 0
HD SUM:                  52
results rank estimation
nb_bins = 512
merge = 2
Starting preprocessing
Clearing memory
min: 2^115.2123793
actual rounded: 2^115.4295604
max: 2^115.6015643
time enum: 0.137619 seconds



Starting key ranking using HEL
