INFO: Number of empty traces: 0

Subkey  0
Subkey  1
Subkey  2
Subkey  3
Subkey  4
Subkey  5
Subkey  6
Subkey  7
Subkey  8
Subkey  9
Subkey 10
Subkey 11
Subkey 12
Subkey 13
Subkey 14
Subkey 15
Best Key Guess:   f7   29   0d   2d   e0   78   38   f8   ba   09   b0   e3   89   fe   52   42  
Known Key:        fb   2c   07   2c   e8   7f   3c   fc   bd   04   ba   ee   8c   fa   58   43  
PGE:             001  010  024  012  008  005  010  032  050  007  015  008  006  015  007  007  
HD:              002  002  002  001  001  003  001  001  003  003  002  003  002  001  002  001  
SUCCESS:           0    0    0    0    0    0    0    0    0    0    0    0    0    0    0    0  
NUMBER OF CORRECT BYTES: 0
HD SUM:                  30
results rank estimation
nb_bins = 512
merge = 2
Starting preprocessing
Clearing memory
min: 2^80.52854781
actual rounded: 2^81.01242828
max: 2^81.39520717
time enum: 0.137272 seconds



Starting key ranking using HEL
