INFO: Number of empty traces: 0

Subkey  0
Subkey  1
Subkey  2
Subkey  3
Subkey  4
Subkey  5
Subkey  6
Subkey  7
Subkey  8
Subkey  9
Subkey 10
Subkey 11
Subkey 12
Subkey 13
Subkey 14
Subkey 15
Best Key Guess:   63   7c   51   23   ed   0f   3e   06   11   21   b2   18   c8   c3   5c   7a  
Known Key:        fb   2c   07   2c   e8   7f   3c   fc   bd   04   ba   ee   8c   fa   58   43  
PGE:             152  147  052  073  116  101  018  169  163  059  018  143  055  149  023  163  
HD:              003  002  004  004  002  003  001  006  004  003  001  006  002  004  001  004  
SUCCESS:           0    0    0    0    0    0    0    0    0    0    0    0    0    0    0    0  
NUMBER OF CORRECT BYTES: 0
HD SUM:                  50
results rank estimation
nb_bins = 512
merge = 2
Starting preprocessing
Clearing memory
min: 2^123.1860412
actual rounded: 2^123.282697
max: 2^123.3591564
time enum: 0.139063 seconds



Starting key ranking using HEL
