INFO: Number of empty traces: 0

Subkey  0
Subkey  1
Subkey  2
Subkey  3
Subkey  4
Subkey  5
Subkey  6
Subkey  7
Subkey  8
Subkey  9
Subkey 10
Subkey 11
Subkey 12
Subkey 13
Subkey 14
Subkey 15
Best Key Guess:   f7   29   08   25   e1   05   31   fc   be   7e   b4   ec   fc   fe   54   45  
Known Key:        fb   2c   07   2c   e8   7f   3c   fc   bd   04   ba   ee   8c   fa   58   43  
PGE:             005  008  015  006  007  191  015  000  008  194  015  008  140  005  003  007  
HD:              002  002  004  002  002  005  003  000  002  005  003  001  003  001  002  002  
SUCCESS:           0    0    0    0    0    0    0    1    0    0    0    0    0    0    0    0  
NUMBER OF CORRECT BYTES: 1
HD SUM:                  39
results rank estimation
nb_bins = 512
merge = 2
Starting preprocessing
Clearing memory
min: 2^77.47554716
actual rounded: 2^78.09232563
max: 2^78.56287278
time enum: 0.1365 seconds



Starting key ranking using HEL
