INFO: Number of empty traces: 0

Subkey  0
Subkey  1
Subkey  2
Subkey  3
Subkey  4
Subkey  5
Subkey  6
Subkey  7
Subkey  8
Subkey  9
Subkey 10
Subkey 11
Subkey 12
Subkey 13
Subkey 14
Subkey 15
Best Key Guess:   fc   2a   00   26   ee   78   35   f5   b5   0c   b2   ed   8c   f0   5d   41  
Known Key:        fb   2c   07   2c   e8   7f   3c   fc   bd   04   ba   ee   8c   fa   58   43  
PGE:             011  015  013  010  007  004  010  009  009  010  015  001  000  012  004  015  
HD:              003  002  003  002  002  003  002  002  001  001  001  002  000  002  002  001  
SUCCESS:           0    0    0    0    0    0    0    0    0    0    0    0    1    0    0    0  
NUMBER OF CORRECT BYTES: 1
HD SUM:                  29
results rank estimation
nb_bins = 512
merge = 2
Starting preprocessing
Clearing memory
min: 2^68.62768112
actual rounded: 2^69.40657353
max: 2^70.00933499
time enum: 0.136345 seconds



Starting key ranking using HEL
