INFO: Number of empty traces: 0

Subkey  0
Subkey  1
Subkey  2
Subkey  3
Subkey  4
Subkey  5
Subkey  6
Subkey  7
Subkey  8
Subkey  9
Subkey 10
Subkey 11
Subkey 12
Subkey 13
Subkey 14
Subkey 15
Best Key Guess:   38   2c   05   1f   df   7a   9b   f1   b7   0e   73   2b   87   aa   50   43  
Known Key:        fb   2c   07   2c   e8   7f   3c   fc   bd   04   ba   ee   8c   fa   58   43  
PGE:             043  000  051  145  076  001  167  039  026  025  040  021  027  026  010  000  
HD:              004  000  001  004  005  002  005  003  002  002  004  004  003  002  001  000  
SUCCESS:           0    1    0    0    0    0    0    0    0    0    0    0    0    0    0    1  
NUMBER OF CORRECT BYTES: 2
HD SUM:                  42
results rank estimation
nb_bins = 512
merge = 2
Starting preprocessing
Clearing memory
min: 2^101.7254699
actual rounded: 2^102.0076346
max: 2^102.231796
time enum: 0.139181 seconds



Starting key ranking using HEL
