INFO: Number of empty traces: 0

Subkey  0
Subkey  1
Subkey  2
Subkey  3
Subkey  4
Subkey  5
Subkey  6
Subkey  7
Subkey  8
Subkey  9
Subkey 10
Subkey 11
Subkey 12
Subkey 13
Subkey 14
Subkey 15
Best Key Guess:   f1   26   08   20   eb   05   36   fb   bb   54   b6   e9   4b   f8   50   42  
Known Key:        fb   2c   07   2c   e8   7f   3c   fc   bd   04   ba   ee   8c   fa   58   43  
PGE:             004  007  013  004  011  108  011  011  007  246  007  013  159  010  001  003  
HD:              002  002  004  002  002  005  002  003  002  002  002  003  005  001  001  001  
SUCCESS:           0    0    0    0    0    0    0    0    0    0    0    0    0    0    0    0  
NUMBER OF CORRECT BYTES: 0
HD SUM:                  39
results rank estimation
nb_bins = 512
merge = 2
Starting preprocessing
Clearing memory
min: 2^81.78529842
actual rounded: 2^82.22020615
max: 2^82.5627361
time enum: 0.136943 seconds



Starting key ranking using HEL
