INFO: Number of empty traces: 0

Subkey  0
Subkey  1
Subkey  2
Subkey  3
Subkey  4
Subkey  5
Subkey  6
Subkey  7
Subkey  8
Subkey  9
Subkey 10
Subkey 11
Subkey 12
Subkey 13
Subkey 14
Subkey 15
Best Key Guess:   f4   2f   03   24   e6   9f   3b   f7   be   0d   b4   e6   86   fe   57   42  
Known Key:        fb   2c   07   2c   e8   7f   3c   fc   bd   04   ba   ee   8c   fa   58   43  
PGE:             014  048  014  013  009  248  013  002  006  002  006  008  030  015  010  002  
HD:              004  002  001  001  003  003  003  003  002  002  003  001  002  001  004  001  
SUCCESS:           0    0    0    0    0    0    0    0    0    0    0    0    0    0    0    0  
NUMBER OF CORRECT BYTES: 0
HD SUM:                  36
results rank estimation
nb_bins = 512
merge = 2
Starting preprocessing
Clearing memory
min: 2^82.59642108
actual rounded: 2^82.94552233
max: 2^83.2219632
time enum: 0.138925 seconds



Starting key ranking using HEL
