
Subkey  0
Subkey  1
Subkey  2
Subkey  3
Subkey  4
Subkey  5
Subkey  6
Subkey  7
Subkey  8
Subkey  9
Subkey 10
Subkey 11
Subkey 12
Subkey 13
Subkey 14
Subkey 15
Best Key Guess:   2a   37   d8   6e   69   85   76   da   96   cd   3d   4b   89   77   94   6e  
Known Key:        2c   36   dd   69   6d   85   76   de   96   cd   3f   4f   89   76   94   6a  
PGE:             004  006  005  002  005  000  000  007  000  000  004  002  000  001  000  005  
HD:              002  001  002  003  001  000  000  001  000  000  001  001  000  001  000  001  
SUCCESS:           0    0    0    0    0    1    1    0    1    1    0    0    1    0    1    0  
NUMBER OF CORRECT BYTES: 6
HD SUM:                  14
results rank estimation
nb_bins = 512
merge = 2
Starting preprocessing
Clearing memory
min: 2^36.94292517
actual rounded: 2^38.04496923
max: 2^38.88147218
time enum: 0.206912 seconds



Starting key ranking using HEL
