
Subkey  0
Subkey  1
Subkey  2
Subkey  3
Subkey  4
Subkey  5
Subkey  6
Subkey  7
Subkey  8
Subkey  9
Subkey 10
Subkey 11
Subkey 12
Subkey 13
Subkey 14
Subkey 15
Best Key Guess:   2c   36   dd   69   6d   8d   76   ff   96   cd   3b   47   81   76   ac   6a  
Known Key:        2c   36   dd   69   6d   85   76   de   96   cd   3f   4f   89   76   94   6a  
PGE:             000  000  000  000  000  001  000  001  000  000  003  004  001  000  004  000  
HD:              000  000  000  000  000  001  000  002  000  000  001  001  001  000  003  000  
SUCCESS:           1    1    1    1    1    0    1    0    1    1    0    0    0    1    0    1  
NUMBER OF CORRECT BYTES: 10
HD SUM:                  9
results rank estimation
nb_bins = 512
merge = 2
Starting preprocessing
Clearing memory
min: 2^20.15094343
actual rounded: 2^21.53258279
max: 2^22.59582065
time enum: 0.207435 seconds



Starting key ranking using HEL
