
Subkey  0
Subkey  1
Subkey  2
Subkey  3
Subkey  4
Subkey  5
Subkey  6
Subkey  7
Subkey  8
Subkey  9
Subkey 10
Subkey 11
Subkey 12
Subkey 13
Subkey 14
Subkey 15
Best Key Guess:   2a   33   d8   6a   6d   85   72   d6   92   cd   3f   4d   89   75   94   6a  
Known Key:        2c   36   dd   69   6d   85   76   de   96   cd   3f   4f   89   76   94   6a  
PGE:             005  001  005  001  000  000  002  001  002  000  000  001  000  003  000  000  
HD:              002  002  002  002  000  000  001  001  001  000  000  001  000  002  000  000  
SUCCESS:           0    0    0    0    1    1    0    0    0    1    1    0    1    0    1    1  
NUMBER OF CORRECT BYTES: 7
HD SUM:                  14
results rank estimation
nb_bins = 512
merge = 2
Starting preprocessing
Clearing memory
min: 2^25.84115852
actual rounded: 2^28.19439757
max: 2^29.85162496
time enum: 0.205017 seconds



Starting key ranking using HEL
