
Subkey  0
Subkey  1
Subkey  2
Subkey  3
Subkey  4
Subkey  5
Subkey  6
Subkey  7
Subkey  8
Subkey  9
Subkey 10
Subkey 11
Subkey 12
Subkey 13
Subkey 14
Subkey 15
Best Key Guess:   ef   fa   08   78   f5   f2   3e   85   4f   5a   2f   3d   12   4c   83   85  
Known Key:        ef   fa   08   78   f5   f2   3e   85   4f   5a   2f   3d   12   4c   83   85  
PGE:             000  000  000  000  000  000  000  000  000  000  000  000  000  000  000  000  
HD:              000  000  000  000  000  000  000  000  000  000  000  000  000  000  000  000  
SUCCESS:           1    1    1    1    1    1    1    1    1    1    1    1    1    1    1    1  
NUMBER OF CORRECT BYTES: 16
HD SUM:                  0
results rank estimation
nb_bins = 512
merge = 2
Starting preprocessing
Clearing memory
min: 2^0
actual rounded: 2^0
max: 2^1
time enum: 0.165823 seconds



Starting key ranking using HEL
