
Subkey  0
Subkey  1
Subkey  2
Subkey  3
Subkey  4
Subkey  5
Subkey  6
Subkey  7
Subkey  8
Subkey  9
Subkey 10
Subkey 11
Subkey 12
Subkey 13
Subkey 14
Subkey 15
Best Key Guess:   2d   35   dc   69   6f   87   71   da   96   cc   3a   4f   89   72   94   68  
Known Key:        2c   36   dd   69   6d   85   76   de   96   cd   3f   4f   89   76   94   6a  
PGE:             007  005  002  000  007  001  004  001  000  002  004  000  000  005  000  004  
HD:              001  002  001  000  001  001  003  001  000  001  002  000  000  001  000  001  
SUCCESS:           0    0    0    1    0    0    0    0    1    0    0    1    1    0    1    0  
NUMBER OF CORRECT BYTES: 5
HD SUM:                  15
results rank estimation
nb_bins = 512
merge = 2
Starting preprocessing
Clearing memory
min: 2^41.23693302
actual rounded: 2^42.25155074
max: 2^42.99122082
time enum: 0.241678 seconds



Starting key ranking using HEL
