
Subkey  0
Subkey  1
Subkey  2
Subkey  3
Subkey  4
Subkey  5
Subkey  6
Subkey  7
Subkey  8
Subkey  9
Subkey 10
Subkey 11
Subkey 12
Subkey 13
Subkey 14
Subkey 15
Best Key Guess:   2a   35   db   69   6a   87   75   de   96   ce   3f   4f   89   73   94   68  
Known Key:        2c   36   dd   69   6d   85   76   de   96   cd   3f   4f   89   76   94   6a  
PGE:             006  001  003  000  005  004  002  000  000  001  000  000  000  003  000  006  
HD:              002  002  002  000  003  001  002  000  000  002  000  000  000  002  000  001  
SUCCESS:           0    0    0    1    0    0    0    1    1    0    1    1    1    0    1    0  
NUMBER OF CORRECT BYTES: 7
HD SUM:                  17
results rank estimation
nb_bins = 512
merge = 2
Starting preprocessing
Clearing memory
min: 2^35.22936989
actual rounded: 2^37.18657586
max: 2^38.5674649
time enum: 0.216174 seconds



Starting key ranking using HEL
