
Subkey  0
Subkey  1
Subkey  2
Subkey  3
Subkey  4
Subkey  5
Subkey  6
Subkey  7
Subkey  8
Subkey  9
Subkey 10
Subkey 11
Subkey 12
Subkey 13
Subkey 14
Subkey 15
Best Key Guess:   2d   35   dc   69   6f   87   77   de   96   cd   3a   4d   8f   72   93   68  
Known Key:        2c   36   dd   69   6d   85   76   de   96   cd   3f   4f   89   76   94   6a  
PGE:             007  002  004  000  004  001  003  000  000  000  001  002  002  005  005  001  
HD:              001  002  001  000  001  001  001  000  000  000  002  001  002  001  003  001  
SUCCESS:           0    0    0    1    0    0    0    1    1    1    0    0    0    0    0    0  
NUMBER OF CORRECT BYTES: 4
HD SUM:                  17
results rank estimation
nb_bins = 512
merge = 2
Starting preprocessing
Clearing memory
min: 2^39.97673836
actual rounded: 2^41.46613501
max: 2^42.51091225
time enum: 0.206817 seconds



Starting key ranking using HEL
